#
# There is insufficient memory for the Java Runtime Environment to continue.
# Native memory allocation (mmap) failed to map 65536 bytes. Error detail: Failed to commit metaspace.
# Possible reasons:
#   The system is out of physical RAM or swap space
#   This process is running with CompressedOops enabled, and the Java Heap may be blocking the growth of the native heap
# Possible solutions:
#   Reduce memory load on the system
#   Increase physical memory or swap space
#   Check if swap backing store is full
#   Decrease Java heap size (-Xmx/-Xms)
#   Decrease number of Java threads
#   Decrease Java thread stack sizes (-Xss)
#   Set larger code cache with -XX:ReservedCodeCacheSize=
#   JVM is running with Unscaled Compressed Oops mode in which the Java heap is
#     placed in the first 4GB address space. The Java Heap base address is the
#     maximum limit for the native heap growth. Please use -XX:HeapBaseMinAddress
#     to set the Java Heap base and to place the Java Heap above 4GB virtual address.
# This output file may be truncated or incomplete.
#
#  Out of Memory Error (virtualSpaceNode.cpp:110), pid=4952, tid=21584
#
# JRE version: OpenJDK Runtime Environment Temurin-17.0.11+9 (17.0.11+9) (build 17.0.11+9)
# Java VM: OpenJDK 64-Bit Server VM Temurin-17.0.11+9 (17.0.11+9, mixed mode, emulated-client, tiered, compressed oops, compressed class ptrs, g1 gc, windows-amd64)
# No core dump will be written. Minidumps are not enabled by default on client versions of Windows
#

---------------  S U M M A R Y ------------

Command Line: -Xmx1024m -Dsts.lsp.client=vscode -Dsts.log.file=/dev/null -XX:TieredStopAtLevel=1 -Xlog:jni+resolve=off -Dspring.config.location=file:c:\Users\sendi\.vscode\extensions\vmware.vscode-spring-boot-1.55.0\language-server\BOOT-INF\classes\application.properties org.springframework.ide.vscode.boot.app.BootLanguageServerBootApp

Host: AMD Ryzen 5 4500U with Radeon Graphics         , 6 cores, 7G,  Windows 11 , 64 bit Build 22621 (10.0.22621.3672)
Time: Wed Jun 12 08:31:04 2024 SE Asia Standard Time elapsed time: 7.191486 seconds (0d 0h 0m 7s)

---------------  T H R E A D  ---------------

Current thread (0x0000018a39fce5b0):  JavaThread "main" [_thread_in_vm, id=21584, stack(0x00000022a7600000,0x00000022a7700000)]

Stack: [0x00000022a7600000,0x00000022a7700000]
Native frames: (J=compiled Java code, j=interpreted, Vv=VM code, C=native code)
V  [jvm.dll+0x67d429]
V  [jvm.dll+0x834b7a]
V  [jvm.dll+0x83663e]
V  [jvm.dll+0x836ca3]
V  [jvm.dll+0x247dbf]
V  [jvm.dll+0x83083b]
V  [jvm.dll+0x621d56]
V  [jvm.dll+0x1c1b3e]
V  [jvm.dll+0x6246b1]
V  [jvm.dll+0x6226f6]
V  [jvm.dll+0x23d710]
V  [jvm.dll+0x1ec56b]
V  [jvm.dll+0x1e1f11]
V  [jvm.dll+0x54250e]
V  [jvm.dll+0x7aecb8]
V  [jvm.dll+0x7aeda4]
V  [jvm.dll+0x4106a5]
V  [jvm.dll+0x416819]
C  [java.dll+0x17ec]

Java frames: (J=compiled Java code, j=interpreted, Vv=VM code)
J 829  java.lang.ClassLoader.defineClass1(Ljava/lang/ClassLoader;Ljava/lang/String;[BIILjava/security/ProtectionDomain;Ljava/lang/String;)Ljava/lang/Class; java.base@17.0.11 (0 bytes) @ 0x0000018a3e8255db [0x0000018a3e825520+0x00000000000000bb]
J 825 c1 java.lang.ClassLoader.defineClass(Ljava/lang/String;[BIILjava/security/ProtectionDomain;)Ljava/lang/Class; java.base@17.0.11 (43 bytes) @ 0x0000018a3e9431dc [0x0000018a3e9430e0+0x00000000000000fc]
J 730 c1 jdk.internal.loader.BuiltinClassLoader.defineClass(Ljava/lang/String;Ljdk/internal/loader/Resource;)Ljava/lang/Class; java.base@17.0.11 (121 bytes) @ 0x0000018a3e804844 [0x0000018a3e8043a0+0x00000000000004a4]
J 729 c1 jdk.internal.loader.BuiltinClassLoader.findClassOnClassPathOrNull(Ljava/lang/String;)Ljava/lang/Class; java.base@17.0.11 (64 bytes) @ 0x0000018a3e8037c4 [0x0000018a3e803520+0x00000000000002a4]
J 659 c1 jdk.internal.loader.BuiltinClassLoader.loadClassOrNull(Ljava/lang/String;Z)Ljava/lang/Class; java.base@17.0.11 (143 bytes) @ 0x0000018a3e7e1444 [0x0000018a3e7e1000+0x0000000000000444]
J 711 c1 jdk.internal.loader.ClassLoaders$AppClassLoader.loadClass(Ljava/lang/String;Z)Ljava/lang/Class; java.base@17.0.11 (40 bytes) @ 0x0000018a3e7faa24 [0x0000018a3e7fa8e0+0x0000000000000144]
J 710 c1 java.lang.ClassLoader.loadClass(Ljava/lang/String;)Ljava/lang/Class; java.base@17.0.11 (7 bytes) @ 0x0000018a3e7fa5e4 [0x0000018a3e7fa5a0+0x0000000000000044]
v  ~StubRoutines::call_stub
j  com.google.gson.Gson.<clinit>()V+10
v  ~StubRoutines::call_stub
j  org.springframework.ide.vscode.boot.app.BootLanguageServerBootApp.remoteAppsFromCommandsConnector(Lorg/springframework/ide/vscode/commons/languageserver/util/SimpleLanguageServer;Lorg/springframework/ide/vscode/boot/java/livehover/v2/SpringProcessConnectorService;)Lorg/springframework/ide/vscode/boot/java/livehover/v2/SpringProcessConnectorRemote;+19
v  ~StubRoutines::call_stub
j  jdk.internal.reflect.NativeMethodAccessorImpl.invoke0(Ljava/lang/reflect/Method;Ljava/lang/Object;[Ljava/lang/Object;)Ljava/lang/Object;+0 java.base@17.0.11
j  jdk.internal.reflect.NativeMethodAccessorImpl.invoke(Ljava/lang/Object;[Ljava/lang/Object;)Ljava/lang/Object;+133 java.base@17.0.11
j  jdk.internal.reflect.DelegatingMethodAccessorImpl.invoke(Ljava/lang/Object;[Ljava/lang/Object;)Ljava/lang/Object;+6 java.base@17.0.11
j  java.lang.reflect.Method.invoke(Ljava/lang/Object;[Ljava/lang/Object;)Ljava/lang/Object;+59 java.base@17.0.11
j  org.springframework.beans.factory.support.SimpleInstantiationStrategy.instantiate(Lorg/springframework/beans/factory/support/RootBeanDefinition;Ljava/lang/String;Lorg/springframework/beans/factory/BeanFactory;Ljava/lang/Object;Ljava/lang/reflect/Method;[Ljava/lang/Object;)Ljava/lang/Object;+30
j  org.springframework.beans.factory.support.ConstructorResolver.instantiate(Ljava/lang/String;Lorg/springframework/beans/factory/support/RootBeanDefinition;Ljava/lang/Object;Ljava/lang/reflect/Method;[Ljava/lang/Object;)Ljava/lang/Object;+18
j  org.springframework.beans.factory.support.ConstructorResolver.instantiateUsingFactoryMethod(Ljava/lang/String;Lorg/springframework/beans/factory/support/RootBeanDefinition;[Ljava/lang/Object;)Lorg/springframework/beans/BeanWrapper;+1438
j  org.springframework.beans.factory.support.AbstractAutowireCapableBeanFactory.instantiateUsingFactoryMethod(Ljava/lang/String;Lorg/springframework/beans/factory/support/RootBeanDefinition;[Ljava/lang/Object;)Lorg/springframework/beans/BeanWrapper;+11
j  org.springframework.beans.factory.support.AbstractAutowireCapableBeanFactory.createBeanInstance(Ljava/lang/String;Lorg/springframework/beans/factory/support/RootBeanDefinition;[Ljava/lang/Object;)Lorg/springframework/beans/BeanWrapper;+93
j  org.springframework.beans.factory.support.AbstractAutowireCapableBeanFactory.doCreateBean(Ljava/lang/String;Lorg/springframework/beans/factory/support/RootBeanDefinition;[Ljava/lang/Object;)Ljava/lang/Object;+34
j  org.springframework.beans.factory.support.AbstractAutowireCapableBeanFactory.createBean(Ljava/lang/String;Lorg/springframework/beans/factory/support/RootBeanDefinition;[Ljava/lang/Object;)Ljava/lang/Object;+153
j  org.springframework.beans.factory.support.AbstractBeanFactory.lambda$doGetBean$0(Ljava/lang/String;Lorg/springframework/beans/factory/support/RootBeanDefinition;[Ljava/lang/Object;)Ljava/lang/Object;+4
j  org.springframework.beans.factory.support.AbstractBeanFactory$$Lambda$430+0x0000000100358000.getObject()Ljava/lang/Object;+16
j  org.springframework.beans.factory.support.DefaultSingletonBeanRegistry.getSingleton(Ljava/lang/String;Lorg/springframework/beans/factory/ObjectFactory;)Ljava/lang/Object;+114
J 3271 c1 org.springframework.beans.factory.support.AbstractBeanFactory.doGetBean(Ljava/lang/String;Ljava/lang/Class;[Ljava/lang/Object;Z)Ljava/lang/Object; (787 bytes) @ 0x0000018a3ecf00ac [0x0000018a3ecefb00+0x00000000000005ac]
j  org.springframework.beans.factory.support.AbstractBeanFactory.getBean(Ljava/lang/String;)Ljava/lang/Object;+5
j  org.springframework.beans.factory.support.DefaultListableBeanFactory.getBeansOfType(Ljava/lang/Class;ZZ)Ljava/util/Map;+46
j  org.springframework.beans.factory.support.DefaultListableBeanFactory.getBeansOfType(Ljava/lang/Class;)Ljava/util/Map;+4
j  org.springframework.context.support.AbstractApplicationContext.getBeansOfType(Ljava/lang/Class;)Ljava/util/Map;+9
j  org.springframework.ide.vscode.boot.java.BootJavaLanguageServerComponents.<init>(Lorg/springframework/context/ApplicationContext;)V+246
j  org.springframework.ide.vscode.boot.app.BootLanguageServerInitializer.afterPropertiesSet()V+51
j  org.springframework.beans.factory.support.AbstractAutowireCapableBeanFactory.invokeInitMethods(Ljava/lang/String;Ljava/lang/Object;Lorg/springframework/beans/factory/support/RootBeanDefinition;)V+56
j  org.springframework.beans.factory.support.AbstractAutowireCapableBeanFactory.initializeBean(Ljava/lang/String;Ljava/lang/Object;Lorg/springframework/beans/factory/support/RootBeanDefinition;)Ljava/lang/Object;+34
j  org.springframework.beans.factory.support.AbstractAutowireCapableBeanFactory.doCreateBean(Ljava/lang/String;Lorg/springframework/beans/factory/support/RootBeanDefinition;[Ljava/lang/Object;)Ljava/lang/Object;+228
j  org.springframework.beans.factory.support.AbstractAutowireCapableBeanFactory.createBean(Ljava/lang/String;Lorg/springframework/beans/factory/support/RootBeanDefinition;[Ljava/lang/Object;)Ljava/lang/Object;+153
j  org.springframework.beans.factory.support.AbstractBeanFactory.lambda$doGetBean$0(Ljava/lang/String;Lorg/springframework/beans/factory/support/RootBeanDefinition;[Ljava/lang/Object;)Ljava/lang/Object;+4
j  org.springframework.beans.factory.support.AbstractBeanFactory$$Lambda$430+0x0000000100358000.getObject()Ljava/lang/Object;+16
j  org.springframework.beans.factory.support.DefaultSingletonBeanRegistry.getSingleton(Ljava/lang/String;Lorg/springframework/beans/factory/ObjectFactory;)Ljava/lang/Object;+114
j  org.springframework.beans.factory.support.AbstractBeanFactory.doGetBean(Ljava/lang/String;Ljava/lang/Class;[Ljava/lang/Object;Z)Ljava/lang/Object;+476
j  org.springframework.beans.factory.support.AbstractBeanFactory.getBean(Ljava/lang/String;)Ljava/lang/Object;+5
j  org.springframework.beans.factory.support.DefaultListableBeanFactory.preInstantiateSingletons()V+152
j  org.springframework.context.support.AbstractApplicationContext.finishBeanFactoryInitialization(Lorg/springframework/beans/factory/config/ConfigurableListableBeanFactory;)V+135
j  org.springframework.context.support.AbstractApplicationContext.refresh()V+94
j  org.springframework.boot.SpringApplication.refresh(Lorg/springframework/context/ConfigurableApplicationContext;)V+1
j  org.springframework.boot.SpringApplication.refreshContext(Lorg/springframework/context/ConfigurableApplicationContext;)V+16
j  org.springframework.boot.SpringApplication.run([Ljava/lang/String;)Lorg/springframework/context/ConfigurableApplicationContext;+110
j  org.springframework.boot.SpringApplication.run([Ljava/lang/Class;[Ljava/lang/String;)Lorg/springframework/context/ConfigurableApplicationContext;+9
j  org.springframework.boot.SpringApplication.run(Ljava/lang/Class;[Ljava/lang/String;)Lorg/springframework/context/ConfigurableApplicationContext;+9
j  org.springframework.ide.vscode.boot.app.BootLanguageServerBootApp.main([Ljava/lang/String;)V+19
v  ~StubRoutines::call_stub

Compiled method (n/a)    7208  829     n 0       java.lang.ClassLoader::defineClass1 (native)
 total in heap  [0x0000018a3e825390,0x0000018a3e825868] = 1240
 relocation     [0x0000018a3e8254e8,0x0000018a3e825520] = 56
 main code      [0x0000018a3e825520,0x0000018a3e825868] = 840

[Constant Pool (empty)]

[MachCode]
[Entry Point]
  # {method} {0x0000018a4701de78} 'defineClass1' '(Ljava/lang/ClassLoader;Ljava/lang/String;[BIILjava/security/ProtectionDomain;Ljava/lang/String;)Ljava/lang/Class;' in 'java/lang/ClassLoader'
  # parm0:    rdx:rdx   = 'java/lang/ClassLoader'
  # parm1:    r8:r8     = 'java/lang/String'
  # parm2:    r9:r9     = '[B'
  # parm3:    rdi       = int
  # parm4:    rsi       = int
  # parm5:    rcx:rcx   = 'java/security/ProtectionDomain'
  # parm6:    [sp+0xa0]   = 'java/lang/String'  (sp of caller)
  0x0000018a3e825520: 448b 5208 | 49c1 e203 | 493b c20f | 8407 0000 

  0x0000018a3e825530: ;   {runtime_call ic_miss_stub}
  0x0000018a3e825530: 00e9 4abb | e0ff 6690 
[Verified Entry Point]
  0x0000018a3e825538: 8984 2400 | 90ff ff55 | 488b ec48 | 81ec 9000 | 0000 4881 | 7d10 0000 | 0000 488d | 4510 480f 
  0x0000018a3e825558: 4445 1048 | 8944 2440 | 4889 4c24 | 7048 83f9 | 0048 8d44 | 2470 480f | 4444 2470 | 4889 4424 
  0x0000018a3e825578: 3848 8974 | 2430 4889 | 7c24 284c | 894c 2458 | 4983 f900 | 488d 4424 | 5848 0f44 | 4424 5848 
  0x0000018a3e825598: 8944 2420 | 4c89 4424 | 5049 83f8 | 004c 8d4c | 2450 4c0f | 444c 2450 | 4889 5424 | 4848 83fa 
  0x0000018a3e8255b8: 004c 8d44 | 2448 4c0f | 4444 2448 

  0x0000018a3e8255c4: ;   {oop(a 'java/lang/Class'{0x00000000c0d000c8} = 'java/lang/ClassLoader')}
  0x0000018a3e8255c4: 49be c800 | d0c0 0000 | 0000 4c89 | 7424 784c | 8d74 2478 | 498b d6c5 

  0x0000018a3e8255dc: ;   {internal_word}
  0x0000018a3e8255dc: f877 49ba | db55 823e | 8a01 0000 | 4d89 97a0 | 0200 0049 | 89a7 9802 

  0x0000018a3e8255f4: ;   {external_word}
  0x0000018a3e8255f4: 0000 49ba | 5835 eb9d | fe7f 0000 | 4180 3a00 | 0f84 5200 | 0000 5241 

  0x0000018a3e82560c: ;   {metadata({method} {0x0000018a4701de78} 'defineClass1' '(Ljava/lang/ClassLoader;Ljava/lang/String;[BIILjava/security/ProtectionDomain;Ljava/lang/String;)Ljava/lang/Class;' in 'java/lang/ClassLoader')}
  0x0000018a3e82560c: 5041 5148 | ba70 de01 | 478a 0100 | 0049 8bcf | 4883 ec20 | f7c4 0f00 | 0000 0f84 | 1a00 0000 
  0x0000018a3e82562c: 4883 ec08 

  0x0000018a3e825630: ;   {runtime_call}
  0x0000018a3e825630: 49ba 6031 | a19d fe7f | 0000 41ff | d248 83c4 | 08e9 0d00 

  0x0000018a3e825644: ;   {runtime_call}
  0x0000018a3e825644: 0000 49ba | 6031 a19d | fe7f 0000 | 41ff d248 | 83c4 2041 | 5941 585a | 498d 8fb8 | 0200 0041 
  0x0000018a3e825664: c787 4803 | 0000 0400 

  0x0000018a3e82566c: ;   {runtime_call}
  0x0000018a3e82566c: 0000 49ba | ac16 aad8 | fe7f 0000 | 41ff d2c5 | f877 41c7 | 8748 0300 | 0005 0000 | 00f0 8344 
  0x0000018a3e82568c: 24c0 0049 | 3baf 5003 | 0000 0f87 | 1100 0000 | 4181 bf38 | 0300 0000 | 0000 000f | 842c 0000 
  0x0000018a3e8256ac: 00c5 f877 | 4889 45f8 | 498b cf4c | 8be4 4883 | ec20 4883 

  0x0000018a3e8256c0: ;   {runtime_call}
  0x0000018a3e8256c0: e4f0 49ba | c045 b19d | fe7f 0000 | 41ff d249 | 8be4 4d33 | e448 8b45 | f841 c787 | 4803 0000 
  0x0000018a3e8256e0: 0800 0000 | 4181 bfb8 | 0300 0002 | 0000 000f | 843f 0100 

  0x0000018a3e8256f4: ;   {external_word}
  0x0000018a3e8256f4: 0049 ba58 | 35eb 9dfe | 7f00 0041 | 803a 000f | 8450 0000 | 0048 8945 

  0x0000018a3e82570c: ;   {metadata({method} {0x0000018a4701de78} 'defineClass1' '(Ljava/lang/ClassLoader;Ljava/lang/String;[BIILjava/security/ProtectionDomain;Ljava/lang/String;)Ljava/lang/Class;' in 'java/lang/ClassLoader')}
  0x0000018a3e82570c: f848 ba70 | de01 478a | 0100 0049 | 8bcf 4883 | ec20 f7c4 | 0f00 0000 | 0f84 1a00 | 0000 4883 
  0x0000018a3e82572c: ;   {runtime_call}
  0x0000018a3e82572c: ec08 49ba | 6031 a19d | fe7f 0000 | 41ff d248 | 83c4 08e9 | 0d00 0000 

  0x0000018a3e825744: ;   {runtime_call}
  0x0000018a3e825744: 49ba 6031 | a19d fe7f | 0000 41ff | d248 83c4 | 2048 8b45 | f849 c787 | 9802 0000 | 0000 0000 
  0x0000018a3e825764: 49c7 87a0 | 0200 0000 | 0000 00c5 | f877 4885 | c00f 8493 | 0000 0048 | f7c0 0100 | 0000 0f84 
  0x0000018a3e825784: 8300 0000 | 488b 40ff | 4180 7f38 | 000f 846f | 0000 0048 | 83f8 000f | 8465 0000 | 0049 8b4f 
  0x0000018a3e8257a4: 2048 83f9 | 000f 8414 | 0000 0048 | 83e9 0849 | 894f 2049 | 034f 3048 | 8901 e943 | 0000 0050 
  0x0000018a3e8257c4: 498b d748 | 8bc8 4883 | ec20 f7c4 | 0f00 0000 | 0f84 1a00 | 0000 4883 

  0x0000018a3e8257dc: ;   {runtime_call}
  0x0000018a3e8257dc: ec08 49ba | 604d 609d | fe7f 0000 | 41ff d248 | 83c4 08e9 | 0d00 0000 

  0x0000018a3e8257f4: ;   {runtime_call}
  0x0000018a3e8257f4: 49ba 604d | 609d fe7f | 0000 41ff | d248 83c4 | 2058 e903 | 0000 0048 | 8b00 498b | 8fd8 0000 
  0x0000018a3e825814: 00c7 8100 | 0100 0000 | 0000 00c9 | 4981 7f08 | 0000 0000 | 0f85 0100 

  0x0000018a3e82582c: ;   {runtime_call StubRoutines (1)}
  0x0000018a3e82582c: 0000 c3e9 | ccb6 dbff | c5f8 7748 | 8945 f84c | 8be4 4883 | ec20 4883 

  0x0000018a3e825844: ;   {runtime_call}
  0x0000018a3e825844: e4f0 49ba | e061 a19d | fe7f 0000 | 41ff d249 | 8be4 4d33 | e448 8b45 | f8e9 93fe | ffff f4f4 
  0x0000018a3e825864: f4f4 f4f4 
[/MachCode]


Compiled method (c1)    7214  825       1       java.lang.ClassLoader::defineClass (43 bytes)
 total in heap  [0x0000018a3e942f10,0x0000018a3e9434b0] = 1440
 relocation     [0x0000018a3e943068,0x0000018a3e9430c8] = 96
 main code      [0x0000018a3e9430e0,0x0000018a3e943280] = 416
 stub code      [0x0000018a3e943280,0x0000018a3e9432f8] = 120
 metadata       [0x0000018a3e9432f8,0x0000018a3e943328] = 48
 scopes data    [0x0000018a3e943328,0x0000018a3e9433e0] = 184
 scopes pcs     [0x0000018a3e9433e0,0x0000018a3e943480] = 160
 dependencies   [0x0000018a3e943480,0x0000018a3e943488] = 8
 nul chk table  [0x0000018a3e943488,0x0000018a3e9434b0] = 40

[Constant Pool (empty)]

[MachCode]
[Entry Point]
  # {method} {0x0000018a4701dce8} 'defineClass' '(Ljava/lang/String;[BIILjava/security/ProtectionDomain;)Ljava/lang/Class;' in 'java/lang/ClassLoader'
  # this:     rdx:rdx   = 'java/lang/ClassLoader'
  # parm0:    r8:r8     = 'java/lang/String'
  # parm1:    r9:r9     = '[B'
  # parm2:    rdi       = int
  # parm3:    rsi       = int
  # parm4:    rcx:rcx   = 'java/security/ProtectionDomain'
  #           [sp+0xc0]  (sp of caller)
  0x0000018a3e9430e0: 448b 5208 | 49c1 e203 

  0x0000018a3e9430e8: ;   {runtime_call ic_miss_stub}
  0x0000018a3e9430e8: 4c3b d00f | 858f dfce | ff0f 1f84 | 0000 0000 | 000f 1f80 | 0000 0000 
[Verified Entry Point]
  0x0000018a3e943100: 8984 2400 | 90ff ff55 | 4881 ecb0 | 0000 0048 | 8954 2478 | 89b4 2494 | 0000 0089 | bc24 9000 
  0x0000018a3e943120: 0000 4c89 | 8c24 8800 | 0000 498b | d84c 8bc3 | 4c8b c948 | 8bca 488b | d148 899c | 2480 0000 
  0x0000018a3e943140: 0066 0f1f 

  0x0000018a3e943144: ;   {optimized virtual_call}
  0x0000018a3e943144: 4400 00e8 

  0x0000018a3e943148: ; ImmutableOopMap {[120]=Oop [136]=Oop [128]=Oop }
                      ;*invokevirtual preDefineClass {reexecute=0 rethrow=0 return_oop=0}
                      ; - java.lang.ClassLoader::defineClass@4
  0x0000018a3e943148: 741d 0000 | 4889 8424 | 9800 0000 

  0x0000018a3e943154: ; implicit exception: dispatches to 0x0000018a3e94321a
  0x0000018a3e943154: 448b 4010 | 4983 f800 | 0f85 0f00 

  0x0000018a3e943160: ;   {oop(NULL)}
  0x0000018a3e943160: 0000 48bb | 0000 0000 | 0000 0000 | e936 0000 | 0045 8b40 | 0c49 83f8 | 000f 850f 

  0x0000018a3e94317c: ;   {oop(NULL)}
  0x0000018a3e94317c: 0000 0048 | bb00 0000 | 0000 0000 | 00e9 1900 | 0000 418b | 5038 483b 

  0x0000018a3e943194: ;   {optimized virtual_call}
  0x0000018a3e943194: 0266 90e8 

  0x0000018a3e943198: ; ImmutableOopMap {[120]=Oop [136]=Oop [128]=Oop [152]=Oop }
                      ;*invokevirtual toExternalForm {reexecute=0 rethrow=0 return_oop=0}
                      ; - java.net.URL::toExternalForm@5
                      ; - java.net.URL::toString@1
                      ; - java.lang.ClassLoader::defineClassSourceLocation@22
                      ; - java.lang.ClassLoader::defineClass@12
  0x0000018a3e943198: 047c e4ff | 488b d848 | 8b84 2498 | 0000 008b | b424 9400 | 0000 8bbc | 2490 0000 | 004c 8b8c 
  0x0000018a3e9431b8: 2488 0000 | 004c 8b84 | 2480 0000 | 0048 8b54 | 2478 4c8b | da49 8bd3 | 488b c848 

  0x0000018a3e9431d4: ;   {static_call}
  0x0000018a3e9431d4: 891c 24e8 

  0x0000018a3e9431d8: ; ImmutableOopMap {[152]=Oop [120]=Oop }
                      ;*invokestatic defineClass1 {reexecute=0 rethrow=0 return_oop=0}
                      ; - java.lang.ClassLoader::defineClass@27
  0x0000018a3e9431d8: 5c23 eeff | 4c8b c04c | 8b8c 2498 | 0000 0048 | 8b54 2478 | 4889 8424 | a000 0000 

  0x0000018a3e9431f4: ;   {optimized virtual_call}
  0x0000018a3e9431f4: 6666 90e8 

  0x0000018a3e9431f8: ; ImmutableOopMap {[160]=Oop }
                      ;*invokevirtual postDefineClass {reexecute=0 rethrow=0 return_oop=0}
                      ; - java.lang.ClassLoader::defineClass@37
  0x0000018a3e9431f8: 8452 ecff | 488b 8424 | a000 0000 | 4881 c4b0 | 0000 005d 

  0x0000018a3e94320c: ;   {poll_return}
  0x0000018a3e94320c: 493b a750 | 0300 000f | 8715 0000 

  0x0000018a3e943218: ;   {runtime_call throw_null_pointer_exception Runtime1 stub}
  0x0000018a3e943218: 00c3 e801 

  0x0000018a3e94321c: ; ImmutableOopMap {[120]=Oop [136]=Oop [128]=Oop rax=Oop [152]=Oop }
                      ;*invokevirtual getCodeSource {reexecute=0 rethrow=0 return_oop=0}
                      ; - java.lang.ClassLoader::defineClassSourceLocation@1
                      ; - java.lang.ClassLoader::defineClass@12
                      ;   {runtime_call throw_null_pointer_exception Runtime1 stub}
  0x0000018a3e94321c: fcd8 ffe8 

  0x0000018a3e943220: ; ImmutableOopMap {[120]=Oop [136]=Oop [128]=Oop rax=Oop [152]=Oop }
                      ;*invokevirtual getLocation {reexecute=0 rethrow=0 return_oop=0}
                      ; - java.lang.ClassLoader::defineClassSourceLocation@12
                      ; - java.lang.ClassLoader::defineClass@12
  0x0000018a3e943220: fcfb d8ff 

  0x0000018a3e943224: ;   {runtime_call throw_null_pointer_exception Runtime1 stub}
  0x0000018a3e943224: e8f7 fbd8 

  0x0000018a3e943228: ; ImmutableOopMap {[120]=Oop [136]=Oop [128]=Oop [152]=Oop r8=Oop }
                      ;*invokevirtual toString {reexecute=0 rethrow=0 return_oop=0}
                      ; - java.lang.ClassLoader::defineClassSourceLocation@22
                      ; - java.lang.ClassLoader::defineClass@12
                      ;   {runtime_call throw_null_pointer_exception Runtime1 stub}
  0x0000018a3e943228: ffe8 f2fb 

  0x0000018a3e94322c: ; ImmutableOopMap {[120]=Oop [136]=Oop [128]=Oop [152]=Oop r8=Oop rdx=Oop }
                      ;*invokevirtual toExternalForm {reexecute=0 rethrow=0 return_oop=0}
                      ; - java.net.URL::toExternalForm@5
                      ; - java.net.URL::toString@1
                      ; - java.lang.ClassLoader::defineClassSourceLocation@22
                      ; - java.lang.ClassLoader::defineClass@12
                      ;   {internal_word}
  0x0000018a3e94322c: d8ff 49ba | 0c32 943e | 8a01 0000 | 4d89 9768 

  0x0000018a3e94323c: ;   {runtime_call SafepointBlob}
  0x0000018a3e94323c: 0300 00e9 | bc47 cfff | 9090 498b | 87e0 0300 | 0049 c787 | e003 0000 | 0000 0000 | 49c7 87e8 
  0x0000018a3e94325c: 0300 0000 | 0000 0048 | 81c4 b000 

  0x0000018a3e943268: ;   {runtime_call unwind_exception Runtime1 stub}
  0x0000018a3e943268: 0000 5de9 | 90ec d8ff | f4f4 f4f4 | f4f4 f4f4 | f4f4 f4f4 | f4f4 f4f4 
[Stub Code]
  0x0000018a3e943280: ;   {no_reloc}
  0x0000018a3e943280: 0f1f 4400 

  0x0000018a3e943284: ;   {static_stub}
  0x0000018a3e943284: 0048 bb00 | 0000 0000 

  0x0000018a3e94328c: ;   {runtime_call}
  0x0000018a3e94328c: 0000 00e9 | fbff ffff 

  0x0000018a3e943294: ;   {static_stub}
  0x0000018a3e943294: 9048 bb00 | 0000 0000 

  0x0000018a3e94329c: ;   {runtime_call}
  0x0000018a3e94329c: 0000 00e9 | fbff ffff 

  0x0000018a3e9432a4: ;   {static_stub}
  0x0000018a3e9432a4: 9048 bb00 | 0000 0000 

  0x0000018a3e9432ac: ;   {runtime_call}
  0x0000018a3e9432ac: 0000 00e9 | fbff ffff 

  0x0000018a3e9432b4: ;   {static_stub}
  0x0000018a3e9432b4: 9048 bb00 | 0000 0000 

  0x0000018a3e9432bc: ;   {runtime_call}
  0x0000018a3e9432bc: 0000 00e9 | fbff ffff 
[Exception Handler]
  0x0000018a3e9432c4: ;   {runtime_call handle_exception_from_callee Runtime1 stub}
  0x0000018a3e9432c4: e837 19d9 

  0x0000018a3e9432c8: ;   {external_word}
  0x0000018a3e9432c8: ff48 b930 | 9ac5 9dfe | 7f00 0048 

  0x0000018a3e9432d4: ;   {runtime_call}
  0x0000018a3e9432d4: 83e4 f049 | ba40 2b8e | 9dfe 7f00 | 0041 ffd2 

  0x0000018a3e9432e4: ;   {section_word}
  0x0000018a3e9432e4: f449 bae5 | 3294 3e8a | 0100 0041 

  0x0000018a3e9432f0: ;   {runtime_call DeoptimizationBlob}
  0x0000018a3e9432f0: 52e9 aa39 | cfff f4f4 
[/MachCode]


Compiled method (c1)    7219  730       1       jdk.internal.loader.BuiltinClassLoader::defineClass (121 bytes)
 total in heap  [0x0000018a3e804110,0x0000018a3e804f68] = 3672
 relocation     [0x0000018a3e804268,0x0000018a3e804398] = 304
 main code      [0x0000018a3e8043a0,0x0000018a3e8049a0] = 1536
 stub code      [0x0000018a3e8049a0,0x0000018a3e804ae8] = 328
 metadata       [0x0000018a3e804ae8,0x0000018a3e804b30] = 72
 scopes data    [0x0000018a3e804b30,0x0000018a3e804d88] = 600
 scopes pcs     [0x0000018a3e804d88,0x0000018a3e804f28] = 416
 dependencies   [0x0000018a3e804f28,0x0000018a3e804f30] = 8
 handler table  [0x0000018a3e804f30,0x0000018a3e804f48] = 24
 nul chk table  [0x0000018a3e804f48,0x0000018a3e804f68] = 32

[Constant Pool (empty)]

[MachCode]
[Entry Point]
  # {method} {0x0000018a470c0980} 'defineClass' '(Ljava/lang/String;Ljdk/internal/loader/Resource;)Ljava/lang/Class;' in 'jdk/internal/loader/BuiltinClassLoader'
  # this:     rdx:rdx   = 'jdk/internal/loader/BuiltinClassLoader'
  # parm0:    r8:r8     = 'java/lang/String'
  # parm1:    r9:r9     = 'jdk/internal/loader/Resource'
  #           [sp+0x110]  (sp of caller)
  0x0000018a3e8043a0: 448b 5208 | 49c1 e203 

  0x0000018a3e8043a8: ;   {runtime_call ic_miss_stub}
  0x0000018a3e8043a8: 4c3b d00f | 85cf cce2 | ff0f 1f84 | 0000 0000 | 000f 1f80 | 0000 0000 
[Verified Entry Point]
  0x0000018a3e8043c0: 8984 2400 | 90ff ff55 | 4881 ec00 | 0100 0048 | 8994 24a0 | 0000 004c | 8984 2490 | 0000 004c 
  0x0000018a3e8043e0: 898c 2498 | 0000 0049 | 8bd1 6666 | 9048 b8ff | ffff ffff 

  0x0000018a3e8043f4: ;   {virtual_call}
  0x0000018a3e8043f4: ffff ffe8 

  0x0000018a3e8043f8: ; ImmutableOopMap {[152]=Oop [160]=Oop [144]=Oop }
                      ;*invokevirtual getCodeSourceURL {reexecute=0 rethrow=0 return_oop=0}
                      ; - jdk.internal.loader.BuiltinClassLoader::defineClass@1
  0x0000018a3e8043f8: 747c edff | 4889 8424 | a800 0000 | 4c8b 8424 | 9000 0000 

  0x0000018a3e80440c: ; implicit exception: dispatches to 0x0000018a3e8048a3
  0x0000018a3e80440c: 418b 7014 

  0x0000018a3e804410: ; implicit exception: dispatches to 0x0000018a3e8048a8
  0x0000018a3e804410: 8b56 0c45 | 0fbe 4810 | 498b c9c1 | e118 c1f9 | 18d3 fa48 | 8bfa ffcf | 4183 f900 | ba00 0000 
  0x0000018a3e804430: 000f 8505 | 0000 00ba | 0100 0000 | 83e2 0183 | fa00 488b | d641 b82e | 0000 004c | 8bcf 0f84 
  0x0000018a3e804450: 0d00 0000 

  0x0000018a3e804454: ;   {static_call}
  0x0000018a3e804454: 6666 90e8 

  0x0000018a3e804458: ; ImmutableOopMap {[152]=Oop [160]=Oop [168]=Oop [144]=Oop }
                      ;*invokestatic lastIndexOf {reexecute=0 rethrow=0 return_oop=0}
                      ; - java.lang.String::lastIndexOf@13
                      ; - java.lang.String::lastIndexOf@8
                      ; - jdk.internal.loader.BuiltinClassLoader::defineClass@8
  0x0000018a3e804458: c413 eeff | e90b 0000 | 0066 0f1f 

  0x0000018a3e804464: ;   {static_call}
  0x0000018a3e804464: 4400 00e8 

  0x0000018a3e804468: ; ImmutableOopMap {[152]=Oop [160]=Oop [168]=Oop [144]=Oop }
                      ;*invokestatic lastIndexOf {reexecute=0 rethrow=0 return_oop=0}
                      ; - java.lang.String::lastIndexOf@25
                      ; - java.lang.String::lastIndexOf@8
                      ; - jdk.internal.loader.BuiltinClassLoader::defineClass@8
  0x0000018a3e804468: 14d5 e2ff | 83f8 ff0f | 8467 0000 | 0041 b800 | 0000 004c | 8bc8 488b | 9424 9000 

  0x0000018a3e804484: ;   {optimized virtual_call}
  0x0000018a3e804484: 0000 90e8 

  0x0000018a3e804488: ; ImmutableOopMap {[152]=Oop [160]=Oop [168]=Oop [144]=Oop }
                      ;*invokevirtual substring {reexecute=0 rethrow=0 return_oop=0}
                      ; - jdk.internal.loader.BuiltinClassLoader::defineClass@23
  0x0000018a3e804488: f428 f1ff | 488b 9424 | 9800 0000 | 4889 8424 | b000 0000 | 9048 b8ff | ffff ffff 

  0x0000018a3e8044a4: ;   {virtual_call}
  0x0000018a3e8044a4: ffff ffe8 

  0x0000018a3e8044a8: ; ImmutableOopMap {[152]=Oop [160]=Oop [168]=Oop [144]=Oop [176]=Oop }
                      ;*invokevirtual getManifest {reexecute=0 rethrow=0 return_oop=0}
                      ; - jdk.internal.loader.BuiltinClassLoader::defineClass@29
  0x0000018a3e8044a8: 942c 2500 | 4c8b 8424 | b000 0000 | 4c8b c848 | 8bbc 24a8 | 0000 0048 | 8b94 24a0 | 0000 0066 
  0x0000018a3e8044c8: 0f1f 4400 | 0048 b8f0 | 1405 0001 

  0x0000018a3e8044d4: ;   {virtual_call}
  0x0000018a3e8044d4: 0000 00e8 

  0x0000018a3e8044d8: ; ImmutableOopMap {[152]=Oop [160]=Oop [168]=Oop [144]=Oop }
                      ;*invokevirtual defineOrCheckPackage {reexecute=0 rethrow=0 return_oop=0}
                      ; - jdk.internal.loader.BuiltinClassLoader::defineClass@40
  0x0000018a3e8044d8: 440c 0000 | 4c8b 8c24 | 9800 0000 | 488d 9424 | e000 0000 | 4c89 4a08 | 498b 0148 | 83c8 0148 
  0x0000018a3e8044f8: 8902 f049 | 0fb1 110f | 8413 0000 | 0048 2bc4 | 4881 e007 | f0ff ff48 | 8902 0f85 | 9503 0000 
  0x0000018a3e804518: 418b 510c | 4883 fa00 | 0f85 4700 | 0000 498b | d10f 1f40 | 0048 b8ff | ffff ffff 

  0x0000018a3e804534: ;   {virtual_call}
  0x0000018a3e804534: ffff ffe8 

  0x0000018a3e804538: ; ImmutableOopMap {[160]=Oop [168]=Oop [144]=Oop [152]=Oop [232]=Oop }
                      ;*invokevirtual getInputStream {reexecute=0 rethrow=0 return_oop=0}
                      ; - jdk.internal.loader.Resource::cachedInputStream@9
                      ; - jdk.internal.loader.Resource::getByteBuffer@1
                      ; - jdk.internal.loader.BuiltinClassLoader::defineClass@45
  0x0000018a3e804538: 0c77 edff | 410f be57 | 3883 fa00 | 4c8b 8c24 | 9800 0000 | 0f85 6e03 | 0000 4c8b | d045 8951 
  0x0000018a3e804558: 0c49 8bd1 | 4833 d048 | c1ea 1448 | 83fa 000f | 856f 0300 | 0041 8b51 | 0c48 8d84 | 24e0 0000 
  0x0000018a3e804578: 0048 8b30 | 4885 f60f | 840f 0000 | 0048 8b78 | 08f0 480f | b137 0f85 | 6003 0000 | 4883 fa00 
  0x0000018a3e804598: 0f84 3b00 

  0x0000018a3e80459c: ;   {metadata('sun/nio/ByteBuffered')}
  0x0000018a3e80459c: 0000 48b8 | 589b 0200 | 0100 0000 | 8b5a 0848 | c1e3 0348 | 3b43 200f | 8425 0000 | 0048 3bd8 
  0x0000018a3e8045bc: 0f84 1c00 | 0000 5350 

  0x0000018a3e8045c4: ;   {runtime_call slow_subtype_check Runtime1 stub}
  0x0000018a3e8045c4: e837 12ed | ff5b 5b83 | fb00 0f84 | 0500 0000 | e905 0000 | 0048 33f6 | eb0a 48be | 0100 0000 
  0x0000018a3e8045e4: 0000 0000 | 83fe 000f | 8460 0000 | 0048 83fa | 000f 843b 

  0x0000018a3e8045f8: ;   {metadata('sun/nio/ByteBuffered')}
  0x0000018a3e8045f8: 0000 0048 | bb58 9b02 | 0001 0000 | 008b 7a08 | 48c1 e703 | 483b 5f20 | 0f84 2000 | 0000 483b 
  0x0000018a3e804618: fb0f 8417 | 0000 0057 

  0x0000018a3e804620: ;   {runtime_call slow_subtype_check Runtime1 stub}
  0x0000018a3e804620: 53e8 da11 | edff 5f5f | 83ff 000f | 84d9 0200 | 00e9 0000 | 0000 0f1f | 8000 0000 | 0048 b8ff 
  0x0000018a3e804640: ffff ffff 

  0x0000018a3e804644: ;   {virtual_call}
  0x0000018a3e804644: ffff ffe8 

  0x0000018a3e804648: ; ImmutableOopMap {[160]=Oop [168]=Oop [144]=Oop [152]=Oop }
                      ;*invokeinterface getByteBuffer {reexecute=0 rethrow=0 return_oop=0}
                      ; - jdk.internal.loader.Resource::getByteBuffer@16
                      ; - jdk.internal.loader.BuiltinClassLoader::defineClass@45
  0x0000018a3e804648: 34d0 e2ff | e90a 0000 

  0x0000018a3e804650: ;   {oop(NULL)}
  0x0000018a3e804650: 0048 b800 | 0000 0000 | 0000 0048 | 83f8 000f | 84dd 0000 | 0048 8984 | 24b8 0000 | 0048 8b94 
  0x0000018a3e804670: 2498 0000 | 0048 b8ff | ffff ffff 

  0x0000018a3e80467c: ;   {virtual_call}
  0x0000018a3e80467c: ffff ffe8 

  0x0000018a3e804680: ; ImmutableOopMap {[160]=Oop [168]=Oop [144]=Oop [184]=Oop }
                      ;*invokevirtual getCodeSigners {reexecute=0 rethrow=0 return_oop=0}
                      ; - jdk.internal.loader.BuiltinClassLoader::defineClass@56
  0x0000018a3e804680: fccf e2ff 

  0x0000018a3e804684: ;   {metadata('java/security/CodeSource')}
  0x0000018a3e804684: 4c8b c848 | ba68 1b05 | 0001 0000 | 0049 8b87 | 0801 0000 | 488d 7828 | 493b bf18 | 0100 000f 
  0x0000018a3e8046a4: 876a 0200 | 0049 89bf | 0801 0000 | 48c7 0001 | 0000 0048 | 8bca 48c1 | e903 8948 | 0848 33c9 
  0x0000018a3e8046c4: 8948 0c48 | 33c9 4889 | 4810 4889 | 4818 4889 | 4820 4c8b | 8424 a800 | 0000 488b | d048 8984 
  0x0000018a3e8046e4: 24c0 0000 | 0066 0f1f 

  0x0000018a3e8046ec: ;   {optimized virtual_call}
  0x0000018a3e8046ec: 4400 00e8 

  0x0000018a3e8046f0: ; ImmutableOopMap {[160]=Oop [144]=Oop [184]=Oop [192]=Oop }
                      ;*invokespecial <init> {reexecute=0 rethrow=0 return_oop=0}
                      ; - jdk.internal.loader.BuiltinClassLoader::defineClass@68
  0x0000018a3e8046f0: 8ccc e2ff | 4c8b 8424 | c000 0000 | 488b 9424 | a000 0000 

  0x0000018a3e804704: ;   {optimized virtual_call}
  0x0000018a3e804704: 6666 90e8 

  0x0000018a3e804708: ; ImmutableOopMap {[160]=Oop [144]=Oop [184]=Oop }
                      ;*invokevirtual getProtectionDomain {reexecute=0 rethrow=0 return_oop=0}
                      ; - java.security.SecureClassLoader::defineClass@5
                      ; - jdk.internal.loader.BuiltinClassLoader::defineClass@79
  0x0000018a3e804708: 74cc e2ff | 4c8b 8424 | 9000 0000 | 4c8b 8c24 | b800 0000 | 488b f848 | 8b94 24a0 

  0x0000018a3e804724: ;   {optimized virtual_call}
  0x0000018a3e804724: 0000 00e8 

  0x0000018a3e804728: ; ImmutableOopMap {}
                      ;*invokevirtual defineClass {reexecute=0 rethrow=0 return_oop=0}
                      ; - java.security.SecureClassLoader::defineClass@8
                      ; - jdk.internal.loader.BuiltinClassLoader::defineClass@79
  0x0000018a3e804728: 54cc e2ff | 4881 c400 | 0100 005d 

  0x0000018a3e804734: ;   {poll_return}
  0x0000018a3e804734: 493b a750 | 0300 000f | 87df 0100 | 00c3 4c8b | 8c24 9800 | 0000 498b | d148 b8ff | ffff ffff 
  0x0000018a3e804754: ;   {virtual_call}
  0x0000018a3e804754: ffff ffe8 

  0x0000018a3e804758: ; ImmutableOopMap {[160]=Oop [144]=Oop [152]=Oop [168]=Oop }
                      ;*invokevirtual getBytes {reexecute=0 rethrow=0 return_oop=0}
                      ; - jdk.internal.loader.BuiltinClassLoader::defineClass@84
  0x0000018a3e804758: 8c76 edff | 4889 8424 | c800 0000 | 488b 9424 | 9800 0000 | 9048 b8ff | ffff ffff 

  0x0000018a3e804774: ;   {virtual_call}
  0x0000018a3e804774: ffff ffe8 

  0x0000018a3e804778: ; ImmutableOopMap {[160]=Oop [144]=Oop [168]=Oop [200]=Oop }
                      ;*invokevirtual getCodeSigners {reexecute=0 rethrow=0 return_oop=0}
                      ; - jdk.internal.loader.BuiltinClassLoader::defineClass@90
  0x0000018a3e804778: ec2c 2500 

  0x0000018a3e80477c: ;   {metadata('java/security/CodeSource')}
  0x0000018a3e80477c: 4c8b c848 | ba68 1b05 | 0001 0000 | 0049 8b87 | 0801 0000 | 488d 7828 | 493b bf18 | 0100 000f 
  0x0000018a3e80479c: 8795 0100 | 0049 89bf | 0801 0000 | 48c7 0001 | 0000 0048 | 8bca 48c1 | e903 8948 | 0848 33c9 
  0x0000018a3e8047bc: 8948 0c48 | 33c9 4889 | 4810 4889 | 4818 4889 | 4820 4c8b | 8424 a800 | 0000 488b | d048 8984 
  0x0000018a3e8047dc: 24d0 0000 | 0066 0f1f 

  0x0000018a3e8047e4: ;   {optimized virtual_call}
  0x0000018a3e8047e4: 4400 00e8 

  0x0000018a3e8047e8: ; ImmutableOopMap {[160]=Oop [144]=Oop [200]=Oop [208]=Oop }
                      ;*invokespecial <init> {reexecute=0 rethrow=0 return_oop=0}
                      ; - jdk.internal.loader.BuiltinClassLoader::defineClass@102
  0x0000018a3e8047e8: f42b 0000 | 488b 8424 | c800 0000 

  0x0000018a3e8047f4: ; implicit exception: dispatches to 0x0000018a3e804943
  0x0000018a3e8047f4: 8b70 0c4c | 8b84 24d0 | 0000 0048 | 8b94 24a0 | 0000 0089 | b424 d800 

  0x0000018a3e80480c: ;   {optimized virtual_call}
  0x0000018a3e80480c: 0000 90e8 

  0x0000018a3e804810: ; ImmutableOopMap {[160]=Oop [144]=Oop [200]=Oop }
                      ;*invokevirtual getProtectionDomain {reexecute=0 rethrow=0 return_oop=0}
                      ; - java.security.SecureClassLoader::defineClass@9
                      ; - jdk.internal.loader.BuiltinClassLoader::defineClass@117
  0x0000018a3e804810: 4cdb 1300 | 4c8b 8424 | 9000 0000 | 4c8b 8c24 | c800 0000 | bf00 0000 | 008b b424 | d800 0000 
  0x0000018a3e804830: 488b c848 | 8b94 24a0 | 0000 000f 

  0x0000018a3e80483c: ;   {optimized virtual_call}
  0x0000018a3e80483c: 1f40 00e8 

  0x0000018a3e804840: ; ImmutableOopMap {}
                      ;*invokevirtual defineClass {reexecute=0 rethrow=0 return_oop=0}
                      ; - java.security.SecureClassLoader::defineClass@12
                      ; - jdk.internal.loader.BuiltinClassLoader::defineClass@117
  0x0000018a3e804840: bce8 1300 | 4881 c400 | 0100 005d 

  0x0000018a3e80484c: ;   {poll_return}
  0x0000018a3e80484c: 493b a750 | 0300 000f | 87ef 0000 | 00c3 498b | 87e0 0300 | 004d 33d2 | 4d89 97e0 | 0300 004d 
  0x0000018a3e80486c: 33d2 4d89 | 97e8 0300 | 0048 8bf0 | 488d 8424 | e000 0000 | 488b 3848 | 85ff 0f84 | 0f00 0000 
  0x0000018a3e80488c: 488b 5808 | f048 0fb1 | 3b0f 85c3 | 0000 0048 | 8bc6 e9f0 

  0x0000018a3e8048a0: ;   {runtime_call throw_null_pointer_exception Runtime1 stub}
  0x0000018a3e8048a0: 0000 00e8 

  0x0000018a3e8048a4: ; ImmutableOopMap {[152]=Oop [160]=Oop rax=Oop [168]=Oop r8=Oop [144]=Oop }
                      ;*invokevirtual lastIndexOf {reexecute=0 rethrow=0 return_oop=0}
                      ; - jdk.internal.loader.BuiltinClassLoader::defineClass@8
  0x0000018a3e8048a4: 78e5 ecff 

  0x0000018a3e8048a8: ;   {runtime_call throw_null_pointer_exception Runtime1 stub}
  0x0000018a3e8048a8: e873 e5ec 

  0x0000018a3e8048ac: ; ImmutableOopMap {[152]=Oop [160]=Oop rax=Oop [168]=Oop r8=Oop [144]=Oop rsi=Oop }
                      ;*arraylength {reexecute=0 rethrow=0 return_oop=0}
                      ; - java.lang.String::length@4
                      ; - java.lang.String::lastIndexOf@3
                      ; - jdk.internal.loader.BuiltinClassLoader::defineClass@8
  0x0000018a3e8048ac: ff4c 894c | 2408 4889 

  0x0000018a3e8048b4: ;   {runtime_call monitorenter_nofpu Runtime1 stub}
  0x0000018a3e8048b4: 1424 e845 

  0x0000018a3e8048b8: ; ImmutableOopMap {[160]=Oop [168]=Oop [144]=Oop r9=Oop [152]=Oop [232]=Oop }
                      ;*synchronization entry
                      ; - jdk.internal.loader.Resource::cachedInputStream@-1
                      ; - jdk.internal.loader.Resource::getByteBuffer@1
                      ; - jdk.internal.loader.BuiltinClassLoader::defineClass@45
  0x0000018a3e8048b8: 15ed ffe9 | 58fc ffff | 418b 510c | 4883 fa00 | 0f84 84fc | ffff 4889 

  0x0000018a3e8048d0: ;   {runtime_call g1_pre_barrier_slow}
  0x0000018a3e8048d0: 1424 e829 | 3fed ffe9 | 76fc ffff | 4883 f800 | 0f84 87fc | ffff 4c89 

  0x0000018a3e8048e8: ;   {runtime_call g1_post_barrier_slow}
  0x0000018a3e8048e8: 0c24 e811 | 42ed ffe9 | 79fc ffff | 488d 8424 | e000 0000 | 4889 0424 

  0x0000018a3e804900: ;   {runtime_call monitorexit_nofpu Runtime1 stub}
  0x0000018a3e804900: e8fb 1ded | ffe9 8afc | ffff 4889 

  0x0000018a3e80490c: ;   {runtime_call throw_class_cast_exception Runtime1 stub}
  0x0000018a3e80490c: 1424 e80d 

  0x0000018a3e804910: ; ImmutableOopMap {[160]=Oop [168]=Oop [144]=Oop [152]=Oop }
                      ;*checkcast {reexecute=0 rethrow=0 return_oop=0}
                      ; - jdk.internal.loader.Resource::getByteBuffer@13
                      ; - jdk.internal.loader.BuiltinClassLoader::defineClass@45
  0x0000018a3e804910: 09ed ff48 

  0x0000018a3e804914: ;   {runtime_call fast_new_instance Runtime1 stub}
  0x0000018a3e804914: 8bd2 e8e5 

  0x0000018a3e804918: ; ImmutableOopMap {[160]=Oop [168]=Oop [144]=Oop [184]=Oop r9=Oop }
                      ;*new {reexecute=0 rethrow=0 return_oop=0}
                      ; - jdk.internal.loader.BuiltinClassLoader::defineClass@61
  0x0000018a3e804918: edec ffe9 | b6fd ffff 

  0x0000018a3e804920: ;   {internal_word}
  0x0000018a3e804920: 49ba 3447 | 803e 8a01 | 0000 4d89 | 9768 0300 

  0x0000018a3e804930: ;   {runtime_call SafepointBlob}
  0x0000018a3e804930: 00e9 ca30 | e3ff 488b 

  0x0000018a3e804938: ;   {runtime_call fast_new_instance Runtime1 stub}
  0x0000018a3e804938: d2e8 c2ed 

  0x0000018a3e80493c: ; ImmutableOopMap {[160]=Oop [144]=Oop [168]=Oop [200]=Oop r9=Oop }
                      ;*new {reexecute=0 rethrow=0 return_oop=0}
                      ; - jdk.internal.loader.BuiltinClassLoader::defineClass@95
  0x0000018a3e80493c: ecff e98b 

  0x0000018a3e804940: ;   {runtime_call throw_null_pointer_exception Runtime1 stub}
  0x0000018a3e804940: feff ffe8 

  0x0000018a3e804944: ; ImmutableOopMap {[160]=Oop [144]=Oop [208]=Oop rax=Oop [200]=Oop }
                      ;*arraylength {reexecute=0 rethrow=0 return_oop=0}
                      ; - jdk.internal.loader.BuiltinClassLoader::defineClass@114
  0x0000018a3e804944: d8e4 ecff 

  0x0000018a3e804948: ;   {internal_word}
  0x0000018a3e804948: 49ba 4c48 | 803e 8a01 | 0000 4d89 | 9768 0300 

  0x0000018a3e804958: ;   {runtime_call SafepointBlob}
  0x0000018a3e804958: 00e9 a230 | e3ff 488d | 8424 e000 | 0000 4889 

  0x0000018a3e804968: ;   {runtime_call monitorexit_nofpu Runtime1 stub}
  0x0000018a3e804968: 0424 e891 | 1ded ffe9 | 27ff ffff | 9090 498b | 87e0 0300 | 0049 c787 | e003 0000 | 0000 0000 
  0x0000018a3e804988: 49c7 87e8 | 0300 0000 | 0000 0048 | 81c4 0001 

  0x0000018a3e804998: ;   {runtime_call unwind_exception Runtime1 stub}
  0x0000018a3e804998: 0000 5de9 | 60d5 ecff 
[Stub Code]
  0x0000018a3e8049a0: ;   {no_reloc}
  0x0000018a3e8049a0: 0f1f 4400 

  0x0000018a3e8049a4: ;   {static_stub}
  0x0000018a3e8049a4: 0048 bb00 | 0000 0000 

  0x0000018a3e8049ac: ;   {runtime_call}
  0x0000018a3e8049ac: 0000 00e9 | fbff ffff 

  0x0000018a3e8049b4: ;   {static_stub}
  0x0000018a3e8049b4: 9048 bb00 | 0000 0000 

  0x0000018a3e8049bc: ;   {runtime_call}
  0x0000018a3e8049bc: 0000 00e9 | fbff ffff 

  0x0000018a3e8049c4: ;   {static_stub}
  0x0000018a3e8049c4: 9048 bb00 | 0000 0000 

  0x0000018a3e8049cc: ;   {runtime_call}
  0x0000018a3e8049cc: 0000 00e9 | fbff ffff 

  0x0000018a3e8049d4: ;   {static_stub}
  0x0000018a3e8049d4: 9048 bb00 | 0000 0000 

  0x0000018a3e8049dc: ;   {runtime_call}
  0x0000018a3e8049dc: 0000 00e9 | fbff ffff 

  0x0000018a3e8049e4: ;   {static_stub}
  0x0000018a3e8049e4: 9048 bb00 | 0000 0000 

  0x0000018a3e8049ec: ;   {runtime_call}
  0x0000018a3e8049ec: 0000 00e9 | fbff ffff 

  0x0000018a3e8049f4: ;   {static_stub}
  0x0000018a3e8049f4: 9048 bb00 | 0000 0000 

  0x0000018a3e8049fc: ;   {runtime_call}
  0x0000018a3e8049fc: 0000 00e9 | fbff ffff 

  0x0000018a3e804a04: ;   {static_stub}
  0x0000018a3e804a04: 9048 bb00 | 0000 0000 

  0x0000018a3e804a0c: ;   {runtime_call}
  0x0000018a3e804a0c: 0000 00e9 | fbff ffff 

  0x0000018a3e804a14: ;   {static_stub}
  0x0000018a3e804a14: 9048 bb00 | 0000 0000 

  0x0000018a3e804a1c: ;   {runtime_call}
  0x0000018a3e804a1c: 0000 00e9 | fbff ffff 

  0x0000018a3e804a24: ;   {static_stub}
  0x0000018a3e804a24: 9048 bb00 | 0000 0000 

  0x0000018a3e804a2c: ;   {runtime_call}
  0x0000018a3e804a2c: 0000 00e9 | fbff ffff 

  0x0000018a3e804a34: ;   {static_stub}
  0x0000018a3e804a34: 9048 bb00 | 0000 0000 

  0x0000018a3e804a3c: ;   {runtime_call}
  0x0000018a3e804a3c: 0000 00e9 | fbff ffff 

  0x0000018a3e804a44: ;   {static_stub}
  0x0000018a3e804a44: 9048 bb00 | 0000 0000 

  0x0000018a3e804a4c: ;   {runtime_call}
  0x0000018a3e804a4c: 0000 00e9 | fbff ffff 

  0x0000018a3e804a54: ;   {static_stub}
  0x0000018a3e804a54: 9048 bb00 | 0000 0000 

  0x0000018a3e804a5c: ;   {runtime_call}
  0x0000018a3e804a5c: 0000 00e9 | fbff ffff 

  0x0000018a3e804a64: ;   {static_stub}
  0x0000018a3e804a64: 9048 bb00 | 0000 0000 

  0x0000018a3e804a6c: ;   {runtime_call}
  0x0000018a3e804a6c: 0000 00e9 | fbff ffff 

  0x0000018a3e804a74: ;   {static_stub}
  0x0000018a3e804a74: 9048 bb00 | 0000 0000 

  0x0000018a3e804a7c: ;   {runtime_call}
  0x0000018a3e804a7c: 0000 00e9 | fbff ffff 

  0x0000018a3e804a84: ;   {static_stub}
  0x0000018a3e804a84: 9048 bb00 | 0000 0000 

  0x0000018a3e804a8c: ;   {runtime_call}
  0x0000018a3e804a8c: 0000 00e9 | fbff ffff 

  0x0000018a3e804a94: ;   {static_stub}
  0x0000018a3e804a94: 9048 bbb8 | 1e03 478a 

  0x0000018a3e804a9c: ;   {runtime_call I2C/C2I adapters}
  0x0000018a3e804a9c: 0100 00e9 | b01b e3ff 

  0x0000018a3e804aa4: ;   {static_stub}
  0x0000018a3e804aa4: 9048 bbe0 | dc01 478a 

  0x0000018a3e804aac: ;   {runtime_call I2C/C2I adapters}
  0x0000018a3e804aac: 0100 00e9 | 2e2c e2ff 
[Exception Handler]
  0x0000018a3e804ab4: ;   {runtime_call handle_exception_from_callee Runtime1 stub}
  0x0000018a3e804ab4: e847 01ed 

  0x0000018a3e804ab8: ;   {external_word}
  0x0000018a3e804ab8: ff48 b930 | 9ac5 9dfe | 7f00 0048 

  0x0000018a3e804ac4: ;   {runtime_call}
  0x0000018a3e804ac4: 83e4 f049 | ba40 2b8e | 9dfe 7f00 | 0041 ffd2 

  0x0000018a3e804ad4: ;   {section_word}
  0x0000018a3e804ad4: f449 bad5 | 4a80 3e8a | 0100 0041 

  0x0000018a3e804ae0: ;   {runtime_call DeoptimizationBlob}
  0x0000018a3e804ae0: 52e9 ba21 | e3ff f4f4 
[/MachCode]


---------------  P R O C E S S  ---------------

Threads class SMR info:
_java_thread_list=0x0000018a4c462fe0, length=13, elements={
0x0000018a39fce5b0, 0x0000018a46b24270, 0x0000018a46b25000, 0x0000018a4b008490,
0x0000018a4b009220, 0x0000018a4b00cb10, 0x0000018a4b00d3e0, 0x0000018a4b00dd60,
0x0000018a4b00e670, 0x0000018a4b20bc10, 0x0000018a4b20e5b0, 0x0000018a4bcc0390,
0x0000018a4b3253b0
}

Java Threads: ( => current thread )
=>0x0000018a39fce5b0 JavaThread "main" [_thread_in_vm, id=21584, stack(0x00000022a7600000,0x00000022a7700000)]
  0x0000018a46b24270 JavaThread "Reference Handler" daemon [_thread_blocked, id=18552, stack(0x00000022a7d00000,0x00000022a7e00000)]
  0x0000018a46b25000 JavaThread "Finalizer" daemon [_thread_blocked, id=22236, stack(0x00000022a7e00000,0x00000022a7f00000)]
  0x0000018a4b008490 JavaThread "Signal Dispatcher" daemon [_thread_blocked, id=18372, stack(0x00000022a7f00000,0x00000022a8000000)]
  0x0000018a4b009220 JavaThread "Attach Listener" daemon [_thread_blocked, id=14624, stack(0x00000022a8000000,0x00000022a8100000)]
  0x0000018a4b00cb10 JavaThread "Service Thread" daemon [_thread_blocked, id=4672, stack(0x00000022a8100000,0x00000022a8200000)]
  0x0000018a4b00d3e0 JavaThread "Monitor Deflation Thread" daemon [_thread_blocked, id=4388, stack(0x00000022a8200000,0x00000022a8300000)]
  0x0000018a4b00dd60 JavaThread "C1 CompilerThread0" daemon [_thread_blocked, id=16676, stack(0x00000022a8300000,0x00000022a8400000)]
  0x0000018a4b00e670 JavaThread "Sweeper thread" daemon [_thread_blocked, id=22164, stack(0x00000022a8400000,0x00000022a8500000)]
  0x0000018a4b20bc10 JavaThread "Notification Thread" daemon [_thread_blocked, id=20796, stack(0x00000022a8500000,0x00000022a8600000)]
  0x0000018a4b20e5b0 JavaThread "Common-Cleaner" daemon [_thread_blocked, id=21336, stack(0x00000022a8700000,0x00000022a8800000)]
  0x0000018a4bcc0390 JavaThread "C1 CompilerThread1" daemon [_thread_blocked, id=16128, stack(0x00000022a8b00000,0x00000022a8c00000)]
  0x0000018a4b3253b0 JavaThread "C1 CompilerThread2" daemon [_thread_blocked, id=22520, stack(0x00000022a8c00000,0x00000022a8d00000)]

Other Threads:
  0x0000018a46ad1a10 VMThread "VM Thread" [stack: 0x00000022a7c00000,0x00000022a7d00000] [id=18412]
  0x0000018a4b20c0f0 WatcherThread [stack: 0x00000022a8600000,0x00000022a8700000] [id=21052]
  0x0000018a3a1c4ec0 GCTaskThread "GC Thread#0" [stack: 0x00000022a7700000,0x00000022a7800000] [id=21420]
  0x0000018a4ba6bf10 GCTaskThread "GC Thread#1" [stack: 0x00000022a8800000,0x00000022a8900000] [id=21224]
  0x0000018a4bbcd6e0 GCTaskThread "GC Thread#2" [stack: 0x00000022a8900000,0x00000022a8a00000] [id=22392]
  0x0000018a4bc72850 GCTaskThread "GC Thread#3" [stack: 0x00000022a8a00000,0x00000022a8b00000] [id=17128]
  0x0000018a4be39a00 GCTaskThread "GC Thread#4" [stack: 0x00000022a8d00000,0x00000022a8e00000] [id=13244]
  0x0000018a4be4dd40 GCTaskThread "GC Thread#5" [stack: 0x00000022a8e00000,0x00000022a8f00000] [id=20332]
  0x0000018a3a1cdd20 ConcurrentGCThread "G1 Main Marker" [stack: 0x00000022a7800000,0x00000022a7900000] [id=1432]
  0x0000018a3a1ce650 ConcurrentGCThread "G1 Conc#0" [stack: 0x00000022a7900000,0x00000022a7a00000] [id=21300]
  0x0000018a4c193850 ConcurrentGCThread "G1 Conc#1" [stack: 0x00000022a9000000,0x00000022a9100000] [id=20820]
  0x0000018a46980090 ConcurrentGCThread "G1 Refine#0" [stack: 0x00000022a7a00000,0x00000022a7b00000] [id=11104]
  0x0000018a469809d0 ConcurrentGCThread "G1 Service" [stack: 0x00000022a7b00000,0x00000022a7c00000] [id=17132]

Threads with active compile tasks:

VM state: not at safepoint (normal execution)

VM Mutex/Monitor currently owned by a thread:  ([mutex/lock_event])
[0x0000018a39f08c70] Metaspace_lock - owner thread: 0x0000018a39fce5b0

Heap address: 0x00000000c0000000, size: 1024 MB, Compressed Oops mode: 32-bit

CDS archive(s) not mapped
Compressed class space mapped at: 0x0000000100000000-0x0000000140000000, reserved size: 1073741824
Narrow klass base: 0x0000000000000000, Narrow klass shift: 3, Narrow klass range: 0x140000000

GC Precious Log:
 CPUs: 6 total, 6 available
 Memory: 7564M
 Large Page Support: Disabled
 NUMA Support: Disabled
 Compressed Oops: Enabled (32-bit)
 Heap Region Size: 1M
 Heap Min Capacity: 8M
 Heap Initial Capacity: 120M
 Heap Max Capacity: 1G
 Pre-touch: Disabled
 Parallel Workers: 6
 Concurrent Workers: 2
 Concurrent Refinement Workers: 6
 Periodic GC: Disabled

Heap:
 garbage-first heap   total 75776K, used 48475K [0x00000000c0000000, 0x0000000100000000)
  region size 1024K, 25 young (25600K), 2 survivors (2048K)
 Metaspace       used 34768K, committed 35136K, reserved 1114112K
  class space    used 4452K, committed 4672K, reserved 1048576K

Heap Regions: E=young(eden), S=young(survivor), O=old, HS=humongous(starts), HC=humongous(continues), CS=collection set, F=free, OA=open archive, CA=closed archive, TAMS=top-at-mark-start (previous, next)
|   0|0x00000000c0000000, 0x00000000c0100000, 0x00000000c0100000|100%|HS|  |TAMS 0x00000000c0100000, 0x00000000c0000000| Complete 
|   1|0x00000000c0100000, 0x00000000c0200000, 0x00000000c0200000|100%|HC|  |TAMS 0x00000000c0200000, 0x00000000c0100000| Complete 
|   2|0x00000000c0200000, 0x00000000c0300000, 0x00000000c0300000|100%|HC|  |TAMS 0x00000000c0300000, 0x00000000c0200000| Complete 
|   3|0x00000000c0300000, 0x00000000c0400000, 0x00000000c0400000|100%|HC|  |TAMS 0x00000000c0400000, 0x00000000c0300000| Complete 
|   4|0x00000000c0400000, 0x00000000c0500000, 0x00000000c0500000|100%|HS|  |TAMS 0x00000000c0500000, 0x00000000c0400000| Complete 
|   5|0x00000000c0500000, 0x00000000c0600000, 0x00000000c0600000|100%|HC|  |TAMS 0x00000000c0600000, 0x00000000c0500000| Complete 
|   6|0x00000000c0600000, 0x00000000c0700000, 0x00000000c0700000|100%| O|  |TAMS 0x00000000c0700000, 0x00000000c0600000| Untracked 
|   7|0x00000000c0700000, 0x00000000c0800000, 0x00000000c0800000|100%| O|  |TAMS 0x00000000c0800000, 0x00000000c0700000| Untracked 
|   8|0x00000000c0800000, 0x00000000c0900000, 0x00000000c0900000|100%| O|  |TAMS 0x00000000c0900000, 0x00000000c0800000| Untracked 
|   9|0x00000000c0900000, 0x00000000c0a00000, 0x00000000c0a00000|100%| O|  |TAMS 0x00000000c0a00000, 0x00000000c0900000| Untracked 
|  10|0x00000000c0a00000, 0x00000000c0b00000, 0x00000000c0b00000|100%| O|  |TAMS 0x00000000c0b00000, 0x00000000c0a00000| Untracked 
|  11|0x00000000c0b00000, 0x00000000c0c00000, 0x00000000c0c00000|100%| O|  |TAMS 0x00000000c0c00000, 0x00000000c0b00000| Untracked 
|  12|0x00000000c0c00000, 0x00000000c0d00000, 0x00000000c0d00000|100%| O|  |TAMS 0x00000000c0d00000, 0x00000000c0c00000| Untracked 
|  13|0x00000000c0d00000, 0x00000000c0e00000, 0x00000000c0e00000|100%| O|  |TAMS 0x00000000c0e00000, 0x00000000c0d00000| Untracked 
|  14|0x00000000c0e00000, 0x00000000c0f00000, 0x00000000c0f00000|100%| O|  |TAMS 0x00000000c0f00000, 0x00000000c0e00000| Untracked 
|  15|0x00000000c0f00000, 0x00000000c0fbbc00, 0x00000000c1000000| 73%| O|  |TAMS 0x00000000c0fbbc00, 0x00000000c0f00000| Untracked 
|  16|0x00000000c1000000, 0x00000000c1100000, 0x00000000c1100000|100%| O|  |TAMS 0x00000000c1000000, 0x00000000c1000000| Untracked 
|  17|0x00000000c1100000, 0x00000000c1200000, 0x00000000c1200000|100%| O|  |TAMS 0x00000000c1100000, 0x00000000c1100000| Untracked 
|  18|0x00000000c1200000, 0x00000000c1300000, 0x00000000c1300000|100%| O|  |TAMS 0x00000000c1200000, 0x00000000c1200000| Untracked 
|  19|0x00000000c1300000, 0x00000000c1400000, 0x00000000c1400000|100%| O|  |TAMS 0x00000000c1300000, 0x00000000c1300000| Untracked 
|  20|0x00000000c1400000, 0x00000000c1500000, 0x00000000c1500000|100%| O|  |TAMS 0x00000000c1400000, 0x00000000c1400000| Untracked 
|  21|0x00000000c1500000, 0x00000000c1600000, 0x00000000c1600000|100%| O|  |TAMS 0x00000000c1500000, 0x00000000c1500000| Untracked 
|  22|0x00000000c1600000, 0x00000000c1700000, 0x00000000c1700000|100%| O|  |TAMS 0x00000000c1600000, 0x00000000c1600000| Untracked 
|  23|0x00000000c1700000, 0x00000000c17a7600, 0x00000000c1800000| 65%| O|  |TAMS 0x00000000c1700000, 0x00000000c1700000| Untracked 
|  24|0x00000000c1800000, 0x00000000c1800000, 0x00000000c1900000|  0%| F|  |TAMS 0x00000000c1800000, 0x00000000c1800000| Untracked 
|  25|0x00000000c1900000, 0x00000000c1900000, 0x00000000c1a00000|  0%| F|  |TAMS 0x00000000c1900000, 0x00000000c1900000| Untracked 
|  26|0x00000000c1a00000, 0x00000000c1a00000, 0x00000000c1b00000|  0%| F|  |TAMS 0x00000000c1a00000, 0x00000000c1a00000| Untracked 
|  27|0x00000000c1b00000, 0x00000000c1b00000, 0x00000000c1c00000|  0%| F|  |TAMS 0x00000000c1b00000, 0x00000000c1b00000| Untracked 
|  28|0x00000000c1c00000, 0x00000000c1c00000, 0x00000000c1d00000|  0%| F|  |TAMS 0x00000000c1c00000, 0x00000000c1c00000| Untracked 
|  29|0x00000000c1d00000, 0x00000000c1d00000, 0x00000000c1e00000|  0%| F|  |TAMS 0x00000000c1d00000, 0x00000000c1d00000| Untracked 
|  30|0x00000000c1e00000, 0x00000000c1e00000, 0x00000000c1f00000|  0%| F|  |TAMS 0x00000000c1e00000, 0x00000000c1e00000| Untracked 
|  31|0x00000000c1f00000, 0x00000000c1f00000, 0x00000000c2000000|  0%| F|  |TAMS 0x00000000c1f00000, 0x00000000c1f00000| Untracked 
|  32|0x00000000c2000000, 0x00000000c2000000, 0x00000000c2100000|  0%| F|  |TAMS 0x00000000c2000000, 0x00000000c2000000| Untracked 
|  33|0x00000000c2100000, 0x00000000c2100000, 0x00000000c2200000|  0%| F|  |TAMS 0x00000000c2100000, 0x00000000c2100000| Untracked 
|  34|0x00000000c2200000, 0x00000000c2200000, 0x00000000c2300000|  0%| F|  |TAMS 0x00000000c2200000, 0x00000000c2200000| Untracked 
|  35|0x00000000c2300000, 0x00000000c2300000, 0x00000000c2400000|  0%| F|  |TAMS 0x00000000c2300000, 0x00000000c2300000| Untracked 
|  36|0x00000000c2400000, 0x00000000c2400000, 0x00000000c2500000|  0%| F|  |TAMS 0x00000000c2400000, 0x00000000c2400000| Untracked 
|  37|0x00000000c2500000, 0x00000000c2500000, 0x00000000c2600000|  0%| F|  |TAMS 0x00000000c2500000, 0x00000000c2500000| Untracked 
|  38|0x00000000c2600000, 0x00000000c2600000, 0x00000000c2700000|  0%| F|  |TAMS 0x00000000c2600000, 0x00000000c2600000| Untracked 
|  39|0x00000000c2700000, 0x00000000c2700000, 0x00000000c2800000|  0%| F|  |TAMS 0x00000000c2700000, 0x00000000c2700000| Untracked 
|  40|0x00000000c2800000, 0x00000000c2800000, 0x00000000c2900000|  0%| F|  |TAMS 0x00000000c2800000, 0x00000000c2800000| Untracked 
|  41|0x00000000c2900000, 0x00000000c2900000, 0x00000000c2a00000|  0%| F|  |TAMS 0x00000000c2900000, 0x00000000c2900000| Untracked 
|  42|0x00000000c2a00000, 0x00000000c2a00000, 0x00000000c2b00000|  0%| F|  |TAMS 0x00000000c2a00000, 0x00000000c2a00000| Untracked 
|  43|0x00000000c2b00000, 0x00000000c2b00000, 0x00000000c2c00000|  0%| F|  |TAMS 0x00000000c2b00000, 0x00000000c2b00000| Untracked 
|  44|0x00000000c2c00000, 0x00000000c2c00000, 0x00000000c2d00000|  0%| F|  |TAMS 0x00000000c2c00000, 0x00000000c2c00000| Untracked 
|  45|0x00000000c2d00000, 0x00000000c2d00000, 0x00000000c2e00000|  0%| F|  |TAMS 0x00000000c2d00000, 0x00000000c2d00000| Untracked 
|  46|0x00000000c2e00000, 0x00000000c2e00000, 0x00000000c2f00000|  0%| F|  |TAMS 0x00000000c2e00000, 0x00000000c2e00000| Untracked 
|  47|0x00000000c2f00000, 0x00000000c2ff3b28, 0x00000000c3000000| 95%| S|CS|TAMS 0x00000000c2f00000, 0x00000000c2f00000| Complete 
|  48|0x00000000c3000000, 0x00000000c3100000, 0x00000000c3100000|100%| S|CS|TAMS 0x00000000c3000000, 0x00000000c3000000| Complete 
|  49|0x00000000c3100000, 0x00000000c3100000, 0x00000000c3200000|  0%| F|  |TAMS 0x00000000c3100000, 0x00000000c3100000| Untracked 
|  50|0x00000000c3200000, 0x00000000c3200000, 0x00000000c3300000|  0%| F|  |TAMS 0x00000000c3200000, 0x00000000c3200000| Untracked 
|  51|0x00000000c3300000, 0x00000000c337ab60, 0x00000000c3400000| 47%| E|  |TAMS 0x00000000c3300000, 0x00000000c3300000| Complete 
|  52|0x00000000c3400000, 0x00000000c3500000, 0x00000000c3500000|100%| E|CS|TAMS 0x00000000c3400000, 0x00000000c3400000| Complete 
|  53|0x00000000c3500000, 0x00000000c3600000, 0x00000000c3600000|100%| E|CS|TAMS 0x00000000c3500000, 0x00000000c3500000| Complete 
|  54|0x00000000c3600000, 0x00000000c3700000, 0x00000000c3700000|100%| E|CS|TAMS 0x00000000c3600000, 0x00000000c3600000| Complete 
|  55|0x00000000c3700000, 0x00000000c3800000, 0x00000000c3800000|100%| E|CS|TAMS 0x00000000c3700000, 0x00000000c3700000| Complete 
|  56|0x00000000c3800000, 0x00000000c3900000, 0x00000000c3900000|100%| E|CS|TAMS 0x00000000c3800000, 0x00000000c3800000| Complete 
|  57|0x00000000c3900000, 0x00000000c3a00000, 0x00000000c3a00000|100%| E|CS|TAMS 0x00000000c3900000, 0x00000000c3900000| Complete 
|  58|0x00000000c3a00000, 0x00000000c3b00000, 0x00000000c3b00000|100%| E|CS|TAMS 0x00000000c3a00000, 0x00000000c3a00000| Complete 
|  59|0x00000000c3b00000, 0x00000000c3c00000, 0x00000000c3c00000|100%| E|CS|TAMS 0x00000000c3b00000, 0x00000000c3b00000| Complete 
|  60|0x00000000c3c00000, 0x00000000c3d00000, 0x00000000c3d00000|100%| E|CS|TAMS 0x00000000c3c00000, 0x00000000c3c00000| Complete 
|  61|0x00000000c3d00000, 0x00000000c3e00000, 0x00000000c3e00000|100%| E|CS|TAMS 0x00000000c3d00000, 0x00000000c3d00000| Complete 
|  62|0x00000000c3e00000, 0x00000000c3f00000, 0x00000000c3f00000|100%| E|CS|TAMS 0x00000000c3e00000, 0x00000000c3e00000| Complete 
|  63|0x00000000c3f00000, 0x00000000c4000000, 0x00000000c4000000|100%| E|CS|TAMS 0x00000000c3f00000, 0x00000000c3f00000| Complete 
|  64|0x00000000c4000000, 0x00000000c4100000, 0x00000000c4100000|100%| E|CS|TAMS 0x00000000c4000000, 0x00000000c4000000| Complete 
|  65|0x00000000c4100000, 0x00000000c4200000, 0x00000000c4200000|100%| E|CS|TAMS 0x00000000c4100000, 0x00000000c4100000| Complete 
|  66|0x00000000c4200000, 0x00000000c4300000, 0x00000000c4300000|100%| E|CS|TAMS 0x00000000c4200000, 0x00000000c4200000| Complete 
|  67|0x00000000c4300000, 0x00000000c4400000, 0x00000000c4400000|100%| E|CS|TAMS 0x00000000c4300000, 0x00000000c4300000| Complete 
|  73|0x00000000c4900000, 0x00000000c4a00000, 0x00000000c4a00000|100%| E|CS|TAMS 0x00000000c4900000, 0x00000000c4900000| Complete 
|  74|0x00000000c4a00000, 0x00000000c4b00000, 0x00000000c4b00000|100%| E|CS|TAMS 0x00000000c4a00000, 0x00000000c4a00000| Complete 
|  75|0x00000000c4b00000, 0x00000000c4c00000, 0x00000000c4c00000|100%| E|CS|TAMS 0x00000000c4b00000, 0x00000000c4b00000| Complete 
|  76|0x00000000c4c00000, 0x00000000c4d00000, 0x00000000c4d00000|100%| E|CS|TAMS 0x00000000c4c00000, 0x00000000c4c00000| Complete 
|  77|0x00000000c4d00000, 0x00000000c4e00000, 0x00000000c4e00000|100%| E|CS|TAMS 0x00000000c4d00000, 0x00000000c4d00000| Complete 
| 119|0x00000000c7700000, 0x00000000c7800000, 0x00000000c7800000|100%| E|CS|TAMS 0x00000000c7700000, 0x00000000c7700000| Complete 

Card table byte_map: [0x0000018a41eb0000,0x0000018a420b0000] _byte_map_base: 0x0000018a418b0000

Marking Bits (Prev, Next): (CMBitMap*) 0x0000018a3a1c5430, (CMBitMap*) 0x0000018a3a1c53f0
 Prev Bits: [0x0000018a432b0000, 0x0000018a442b0000)
 Next Bits: [0x0000018a422b0000, 0x0000018a432b0000)

Polling page: 0x0000018a3a230000

Metaspace:

Usage:
  Non-class:     29.61 MB used.
      Class:      4.35 MB used.
       Both:     33.95 MB used.

Virtual space:
  Non-class space:       64.00 MB reserved,      29.75 MB ( 46%) committed,  1 nodes.
      Class space:        1.00 GB reserved,       4.56 MB ( <1%) committed,  1 nodes.
             Both:        1.06 GB reserved,      34.31 MB (  3%) committed. 

Chunk freelists:
   Non-Class:  1.80 MB
       Class:  11.36 MB
        Both:  13.16 MB

MaxMetaspaceSize: unlimited
CompressedClassSpaceSize: 1.00 GB
Initial GC threshold: 21.00 MB
Current GC threshold: 35.25 MB
CDS: off
MetaspaceReclaimPolicy: balanced
 - commit_granule_bytes: 65536.
 - commit_granule_words: 8192.
 - virtual_space_node_default_size: 8388608.
 - enlarge_chunks_in_place: 1.
 - new_chunks_are_fully_committed: 0.
 - uncommit_free_chunks: 1.
 - use_allocation_guard: 0.
 - handle_deallocations: 1.


Internal statistics:

num_allocs_failed_limit: 5.
num_arena_births: 432.
num_arena_deaths: 0.
num_vsnodes_births: 2.
num_vsnodes_deaths: 0.
num_space_committed: 549.
num_space_uncommitted: 0.
num_chunks_returned_to_freelist: 5.
num_chunks_taken_from_freelist: 1391.
num_chunk_merges: 5.
num_chunk_splits: 979.
num_chunks_enlarged: 754.
num_inconsistent_stats: 0.

CodeCache: size=49152Kb used=7257Kb max_used=7257Kb free=41894Kb
 bounds [0x0000018a3e5e0000, 0x0000018a3ed00000, 0x0000018a415e0000]
 total_blobs=3816 nmethods=3277 adapters=464
 compilation: enabled
              stopped_count=0, restarted_count=0
 full_count=0

Compilation events (20 events):
Event: 7.109 Thread 0x0000018a4b00dd60 nmethod 3268 0x0000018a3eceb790 code [0x0000018a3eceb940, 0x0000018a3ecebc58]
Event: 7.109 Thread 0x0000018a4b3253b0 nmethod 3267 0x0000018a3ecebe10 code [0x0000018a3ecec040, 0x0000018a3ecec688]
Event: 7.110 Thread 0x0000018a4b3253b0 3269       1       org.springframework.beans.factory.support.DefaultSingletonBeanRegistry::getSingleton (7 bytes)
Event: 7.111 Thread 0x0000018a4b3253b0 nmethod 3269 0x0000018a3ececb10 code [0x0000018a3ececca0, 0x0000018a3ececd88]
Event: 7.111 Thread 0x0000018a4b00dd60 3270   !   1       org.springframework.beans.factory.support.AbstractBeanFactory::adaptBeanInstance (98 bytes)
Event: 7.111 Thread 0x0000018a4b00dd60 nmethod 3270 0x0000018a3ecece10 code [0x0000018a3eced060, 0x0000018a3eced7d8]
Event: 7.119 Thread 0x0000018a4b00dd60 3271   !   1       org.springframework.beans.factory.support.AbstractBeanFactory::doGetBean (787 bytes)
Event: 7.119 Thread 0x0000018a4bcc0390 3272       1       org.springframework.beans.factory.support.AbstractAutowireCapableBeanFactory::getObjectForBeanInstance (34 bytes)
Event: 7.119 Thread 0x0000018a4b3253b0 3273       1       org.springframework.beans.factory.support.AbstractBeanFactory::getObjectForBeanInstance (164 bytes)
Event: 7.119 Thread 0x0000018a4bcc0390 nmethod 3272 0x0000018a3ecee310 code [0x0000018a3ecee4c0, 0x0000018a3ecee668]
Event: 7.120 Thread 0x0000018a4b3253b0 nmethod 3273 0x0000018a3ecee790 code [0x0000018a3ecee9c0, 0x0000018a3ecef0c8]
Event: 7.124 Thread 0x0000018a4b00dd60 nmethod 3271 0x0000018a3ecef410 code [0x0000018a3ecefb00, 0x0000018a3ecf1f28]
Event: 7.162 Thread 0x0000018a4b00dd60 3274   !   1       java.util.concurrent.CopyOnWriteArrayList::add (46 bytes)
Event: 7.162 Thread 0x0000018a4b00dd60 nmethod 3274 0x0000018a3ecf4c10 code [0x0000018a3ecf4dc0, 0x0000018a3ecf5108]
Event: 7.175 Thread 0x0000018a4b00dd60 3275       1       org.springframework.core.MethodParameter::validateIndex (31 bytes)
Event: 7.175 Thread 0x0000018a4bcc0390 3276       1       org.springframework.core.MethodParameter$$Lambda$241/0x000000010024e680::<init> (10 bytes)
Event: 7.175 Thread 0x0000018a4bcc0390 nmethod 3276 0x0000018a3ecf5390 code [0x0000018a3ecf5520, 0x0000018a3ecf55f8]
Event: 7.176 Thread 0x0000018a4b00dd60 nmethod 3275 0x0000018a3ecf5690 code [0x0000018a3ecf5860, 0x0000018a3ecf5ab8]
Event: 7.179 Thread 0x0000018a4b00dd60 3277       1       org.springframework.util.ClassUtils::isAssignableValue (34 bytes)
Event: 7.179 Thread 0x0000018a4b00dd60 nmethod 3277 0x0000018a3ecf5c90 code [0x0000018a3ecf5e40, 0x0000018a3ecf5ff8]

GC Heap History (10 events):
Event: 1.685 GC heap before
{Heap before GC invocations=0 (full 0):
 garbage-first heap   total 122880K, used 26624K [0x00000000c0000000, 0x0000000100000000)
  region size 1024K, 21 young (21504K), 0 survivors (0K)
 Metaspace       used 7512K, committed 7680K, reserved 1114112K
  class space    used 794K, committed 896K, reserved 1048576K
}
Event: 1.695 GC heap after
{Heap after GC invocations=1 (full 0):
 garbage-first heap   total 122880K, used 16264K [0x00000000c0000000, 0x0000000100000000)
  region size 1024K, 3 young (3072K), 3 survivors (3072K)
 Metaspace       used 7512K, committed 7680K, reserved 1114112K
  class space    used 794K, committed 896K, reserved 1048576K
}
Event: 2.529 GC heap before
{Heap before GC invocations=1 (full 0):
 garbage-first heap   total 122880K, used 34696K [0x00000000c0000000, 0x0000000100000000)
  region size 1024K, 21 young (21504K), 3 survivors (3072K)
 Metaspace       used 12116K, committed 12288K, reserved 1114112K
  class space    used 1481K, committed 1600K, reserved 1048576K
}
Event: 2.534 GC heap after
{Heap after GC invocations=2 (full 0):
 garbage-first heap   total 122880K, used 17459K [0x00000000c0000000, 0x0000000100000000)
  region size 1024K, 2 young (2048K), 2 survivors (2048K)
 Metaspace       used 12116K, committed 12288K, reserved 1114112K
  class space    used 1481K, committed 1600K, reserved 1048576K
}
Event: 4.018 GC heap before
{Heap before GC invocations=2 (full 0):
 garbage-first heap   total 122880K, used 57395K [0x00000000c0000000, 0x0000000100000000)
  region size 1024K, 42 young (43008K), 2 survivors (2048K)
 Metaspace       used 21241K, committed 21504K, reserved 1114112K
  class space    used 2621K, committed 2752K, reserved 1048576K
}
Event: 4.025 GC heap after
{Heap after GC invocations=3 (full 0):
 garbage-first heap   total 122880K, used 20916K [0x00000000c0000000, 0x0000000100000000)
  region size 1024K, 5 young (5120K), 5 survivors (5120K)
 Metaspace       used 21241K, committed 21504K, reserved 1114112K
  class space    used 2621K, committed 2752K, reserved 1048576K
}
Event: 5.041 GC heap before
{Heap before GC invocations=4 (full 0):
 garbage-first heap   total 75776K, used 56756K [0x00000000c0000000, 0x0000000100000000)
  region size 1024K, 42 young (43008K), 5 survivors (5120K)
 Metaspace       used 27712K, committed 27968K, reserved 1114112K
  class space    used 3465K, committed 3584K, reserved 1048576K
}
Event: 5.052 GC heap after
{Heap after GC invocations=5 (full 0):
 garbage-first heap   total 75776K, used 24337K [0x00000000c0000000, 0x0000000100000000)
  region size 1024K, 4 young (4096K), 4 survivors (4096K)
 Metaspace       used 27712K, committed 27968K, reserved 1114112K
  class space    used 3465K, committed 3584K, reserved 1048576K
}
Event: 6.449 GC heap before
{Heap before GC invocations=5 (full 0):
 garbage-first heap   total 75776K, used 48913K [0x00000000c0000000, 0x0000000100000000)
  region size 1024K, 29 young (29696K), 4 survivors (4096K)
 Metaspace       used 31726K, committed 32128K, reserved 1114112K
  class space    used 4023K, committed 4224K, reserved 1048576K
}
Event: 6.457 GC heap after
{Heap after GC invocations=6 (full 0):
 garbage-first heap   total 75776K, used 25947K [0x00000000c0000000, 0x0000000100000000)
  region size 1024K, 2 young (2048K), 2 survivors (2048K)
 Metaspace       used 31726K, committed 32128K, reserved 1114112K
  class space    used 4023K, committed 4224K, reserved 1048576K
}

Dll operation events (6 events):
Event: 0.030 Loaded shared library c:\Users\sendi\.vscode\extensions\redhat.java-1.31.0-win32-x64\jre\17.0.11-win32-x86_64\bin\java.dll
Event: 0.360 Loaded shared library C:\Users\sendi\.vscode\extensions\redhat.java-1.31.0-win32-x64\jre\17.0.11-win32-x86_64\bin\net.dll
Event: 0.363 Loaded shared library C:\Users\sendi\.vscode\extensions\redhat.java-1.31.0-win32-x64\jre\17.0.11-win32-x86_64\bin\nio.dll
Event: 0.382 Loaded shared library C:\Users\sendi\.vscode\extensions\redhat.java-1.31.0-win32-x64\jre\17.0.11-win32-x86_64\bin\zip.dll
Event: 1.330 Loaded shared library C:\Users\sendi\.vscode\extensions\redhat.java-1.31.0-win32-x64\jre\17.0.11-win32-x86_64\bin\jimage.dll
Event: 3.941 Loaded shared library c:\Users\sendi\.vscode\extensions\redhat.java-1.31.0-win32-x64\jre\17.0.11-win32-x86_64\bin\verify.dll

Deoptimization events (0 events):
No events

Classes unloaded (0 events):
No events

Classes redefined (0 events):
No events

Internal exceptions (20 events):
Event: 5.524 Thread 0x0000018a39fce5b0 Exception <a 'java/lang/NoSuchMethodError'{0x00000000c3ec5cb8}: 'java.lang.Object java.lang.invoke.Invokers$Holder.invoker(java.lang.Object, java.lang.Object, java.lang.Object, java.lang.Object, java.lang.Object, java.lang.Object, java.lang.Object, java.lang.Object, java.lang.Object, java.lang.Object, java.lang.Object, java.lang.Object, java.lang.Object, java.lang.Object)'> (0x00000000c3ec5cb8) 
thrown [s\src\hotspot\share\interpreter\linkResolver.cpp, line 759]
Event: 5.525 Thread 0x0000018a39fce5b0 Exception <a 'java/lang/NoSuchMethodError'{0x00000000c3ecb928}: 'java.lang.Object java.lang.invoke.DirectMethodHandle$Holder.invokeSpecial(java.lang.Object, java.lang.Object, java.lang.Object, java.lang.Object, java.lang.Object, java.lang.Object, java.lang.Object, java.lang.Object, java.lang.Object, java.lang.Object, java.lang.Object, java.lang.Object, java.lang.Object, java.lang.Object, java.lang.Object)'> (0x00000000c3ecb928) 
thrown [s\src\hotspot\share\interpreter\linkResolver.cpp, line 759]
Event: 5.528 Thread 0x0000018a39fce5b0 Exception <a 'java/lang/NoSuchMethodError'{0x00000000c3edb508}: 'int java.lang.invoke.DirectMethodHandle$Holder.invokeVirtual(java.lang.Object, java.lang.Object, java.lang.Object)'> (0x00000000c3edb508) 
thrown [s\src\hotspot\share\interpreter\linkResolver.cpp, line 759]
Event: 5.529 Thread 0x0000018a39fce5b0 Exception <a 'java/lang/NoSuchMethodError'{0x00000000c3edf9a8}: 'int java.lang.invoke.DirectMethodHandle$Holder.invokeStaticInit(java.lang.Object, int, int)'> (0x00000000c3edf9a8) 
thrown [s\src\hotspot\share\interpreter\linkResolver.cpp, line 759]
Event: 5.529 Thread 0x0000018a39fce5b0 Exception <a 'java/lang/NoSuchMethodError'{0x00000000c3ee7290}: 'int java.lang.invoke.DirectMethodHandle$Holder.invokeStaticInit(java.lang.Object, long, long)'> (0x00000000c3ee7290) 
thrown [s\src\hotspot\share\interpreter\linkResolver.cpp, line 759]
Event: 5.530 Thread 0x0000018a39fce5b0 Exception <a 'java/lang/NoSuchMethodError'{0x00000000c3eee0e0}: 'int java.lang.invoke.DirectMethodHandle$Holder.invokeStaticInit(java.lang.Object, float, float)'> (0x00000000c3eee0e0) 
thrown [s\src\hotspot\share\interpreter\linkResolver.cpp, line 759]
Event: 5.532 Thread 0x0000018a39fce5b0 Exception <a 'java/lang/NoSuchMethodError'{0x00000000c3ef4f38}: 'int java.lang.invoke.DirectMethodHandle$Holder.invokeStaticInit(java.lang.Object, double, double)'> (0x00000000c3ef4f38) 
thrown [s\src\hotspot\share\interpreter\linkResolver.cpp, line 759]
Event: 5.534 Thread 0x0000018a39fce5b0 Exception <a 'java/lang/NoSuchMethodError'{0x00000000c3ef9508}: 'int java.lang.invoke.DirectMethodHandle$Holder.invokeStatic(java.lang.Object, long)'> (0x00000000c3ef9508) 
thrown [s\src\hotspot\share\interpreter\linkResolver.cpp, line 759]
Event: 5.536 Thread 0x0000018a39fce5b0 Exception <a 'java/lang/NoSuchMethodError'{0x00000000c3d1e078}: 'int java.lang.invoke.DirectMethodHandle$Holder.invokeSpecial(java.lang.Object, java.lang.Object, int)'> (0x00000000c3d1e078) 
thrown [s\src\hotspot\share\interpreter\linkResolver.cpp, line 759]
Event: 5.537 Thread 0x0000018a39fce5b0 Exception <a 'java/lang/NoSuchMethodError'{0x00000000c3d25970}: 'int java.lang.invoke.Invokers$Holder.linkToTargetMethod(java.lang.Object, java.lang.Object)'> (0x00000000c3d25970) 
thrown [s\src\hotspot\share\interpreter\linkResolver.cpp, line 759]
Event: 5.593 Thread 0x0000018a39fce5b0 Exception <a 'java/lang/NoSuchMethodError'{0x00000000c3c18d08}: 'java.lang.Object java.lang.invoke.DirectMethodHandle$Holder.invokeSpecial(java.lang.Object, java.lang.Object, java.lang.Object, java.lang.Object, java.lang.Object, java.lang.Object, java.lang.Object, java.lang.Object, java.lang.Object, java.lang.Object)'> (0x00000000c3c18d08) 
thrown [s\src\hotspot\share\interpreter\linkResolver.cpp, line 759]
Event: 5.594 Thread 0x0000018a39fce5b0 Exception <a 'java/lang/NoSuchMethodError'{0x00000000c3c1d2f0}: 'java.lang.Object java.lang.invoke.Invokers$Holder.invoke_MT(java.lang.Object, java.lang.Object, java.lang.Object, java.lang.Object, java.lang.Object, java.lang.Object, java.lang.Object, java.lang.Object, java.lang.Object, java.lang.Object)'> (0x00000000c3c1d2f0) 
thrown [s\src\hotspot\share\interpreter\linkResolver.cpp, line 759]
Event: 5.621 Thread 0x0000018a39fce5b0 Exception <a 'java/lang/NoSuchMethodError'{0x00000000c3c65720}: 'java.lang.Object java.lang.invoke.DirectMethodHandle$Holder.invokeSpecial(java.lang.Object, java.lang.Object, int, java.lang.Object, java.lang.Object)'> (0x00000000c3c65720) 
thrown [s\src\hotspot\share\interpreter\linkResolver.cpp, line 759]
Event: 5.621 Thread 0x0000018a39fce5b0 Exception <a 'java/lang/NoSuchMethodError'{0x00000000c3c693f8}: 'java.lang.Object java.lang.invoke.DelegatingMethodHandle$Holder.delegate(java.lang.Object, int, java.lang.Object, java.lang.Object)'> (0x00000000c3c693f8) 
thrown [s\src\hotspot\share\interpreter\linkResolver.cpp, line 759]
Event: 5.625 Thread 0x0000018a39fce5b0 Exception <a 'java/lang/NoSuchMethodError'{0x00000000c3c7a280}: 'int java.lang.invoke.Invokers$Holder.linkToTargetMethod(java.lang.Object, java.lang.Object, java.lang.Object)'> (0x00000000c3c7a280) 
thrown [s\src\hotspot\share\interpreter\linkResolver.cpp, line 759]
Event: 5.939 Thread 0x0000018a39fce5b0 Exception <a 'java/lang/NoSuchMethodError'{0x00000000c372ab20}: 'java.lang.Object java.lang.invoke.DirectMethodHandle$Holder.invokeStaticInit(java.lang.Object, int, int, int, int)'> (0x00000000c372ab20) 
thrown [s\src\hotspot\share\interpreter\linkResolver.cpp, line 759]
Event: 6.044 Thread 0x0000018a39fce5b0 Exception <a 'java/lang/NoSuchMethodError'{0x00000000c37a4918}: 'java.lang.Object java.lang.invoke.DirectMethodHandle$Holder.invokeStaticInit(java.lang.Object, java.lang.Object, int, int, int, int)'> (0x00000000c37a4918) 
thrown [s\src\hotspot\share\interpreter\linkResolver.cpp, line 759]
Event: 6.537 Thread 0x0000018a39fce5b0 Exception <a 'java/lang/NoSuchMethodError'{0x00000000c4c3c668}: 'void java.lang.invoke.DirectMethodHandle$Holder.invokeSpecialIFC(java.lang.Object, java.lang.Object, java.lang.Object)'> (0x00000000c4c3c668) 
thrown [s\src\hotspot\share\interpreter\linkResolver.cpp, line 759]
Event: 7.029 Thread 0x0000018a39fce5b0 Exception <a 'java/lang/NoSuchMethodError'{0x00000000c36a1a80}: 'int java.lang.invoke.DirectMethodHandle$Holder.invokeStaticInit(java.lang.Object, java.lang.Object, int, java.lang.Object)'> (0x00000000c36a1a80) 
thrown [s\src\hotspot\share\interpreter\linkResolver.cpp, line 759]
Event: 7.092 Thread 0x0000018a39fce5b0 Exception <a 'java/lang/NoSuchMethodError'{0x00000000c35c8828}: 'void java.lang.invoke.DirectMethodHandle$Holder.invokeSpecial(java.lang.Object, java.lang.Object, java.lang.Object, java.lang.Object, java.lang.Object, java.lang.Object, java.lang.Object)'> (0x00000000c35c8828) 
thrown [s\src\hotspot\share\interpreter\linkResolver.cpp, line 759]

VM Operations (20 events):
Event: 4.033 Executing VM operation: G1PauseRemark
Event: 4.035 Executing VM operation: G1PauseRemark done
Event: 4.036 Executing VM operation: G1PauseCleanup
Event: 4.038 Executing VM operation: G1PauseCleanup done
Event: 4.374 Executing VM operation: HandshakeAllThreads
Event: 4.374 Executing VM operation: HandshakeAllThreads done
Event: 4.428 Executing VM operation: HandshakeAllThreads
Event: 4.428 Executing VM operation: HandshakeAllThreads done
Event: 5.041 Executing VM operation: G1CollectForAllocation
Event: 5.052 Executing VM operation: G1CollectForAllocation done
Event: 5.554 Executing VM operation: HandshakeAllThreads
Event: 5.554 Executing VM operation: HandshakeAllThreads done
Event: 5.884 Executing VM operation: HandshakeAllThreads
Event: 5.884 Executing VM operation: HandshakeAllThreads done
Event: 5.957 Executing VM operation: HandshakeAllThreads
Event: 5.957 Executing VM operation: HandshakeAllThreads done
Event: 6.449 Executing VM operation: G1CollectForAllocation
Event: 6.457 Executing VM operation: G1CollectForAllocation done
Event: 6.643 Executing VM operation: HandshakeAllThreads
Event: 6.643 Executing VM operation: HandshakeAllThreads done

Events (20 events):
Event: 6.577 loading class java/util/concurrent/CompletionException
Event: 6.577 loading class java/util/concurrent/CompletionException done
Event: 6.577 loading class java/util/concurrent/locks/ReentrantReadWriteLock$FairSync
Event: 6.577 loading class java/util/concurrent/locks/ReentrantReadWriteLock$FairSync done
Event: 6.609 loading class java/util/regex/Pattern$Caret
Event: 6.609 loading class java/util/regex/Pattern$Caret done
Event: 6.621 loading class java/io/FileReader
Event: 6.621 loading class java/io/FileReader done
Event: 6.643 loading class java/util/concurrent/Executors$FinalizableDelegatedExecutorService
Event: 6.643 loading class java/util/concurrent/Executors$FinalizableDelegatedExecutorService done
Event: 6.649 loading class sun/reflect/generics/repository/FieldRepository
Event: 6.649 loading class sun/reflect/generics/repository/FieldRepository done
Event: 6.875 loading class org/w3c/dom/Node
Event: 6.875 loading class org/w3c/dom/Node done
Event: 6.877 loading class org/w3c/dom/Document
Event: 6.878 loading class org/w3c/dom/Document done
Event: 6.885 loading class java/io/StringWriter
Event: 6.885 loading class java/io/StringWriter done
Event: 7.094 loading class java/util/concurrent/CompletableFuture$UniAccept
Event: 7.094 loading class java/util/concurrent/CompletableFuture$UniAccept done


Dynamic libraries:
0x00007ff7bce70000 - 0x00007ff7bce7e000 	c:\Users\sendi\.vscode\extensions\redhat.java-1.31.0-win32-x64\jre\17.0.11-win32-x86_64\bin\java.exe
0x00007ffefad70000 - 0x00007ffefaf87000 	C:\Windows\SYSTEM32\ntdll.dll
0x00007ffefa710000 - 0x00007ffefa7d4000 	C:\Windows\System32\KERNEL32.DLL
0x00007ffef8700000 - 0x00007ffef8aac000 	C:\Windows\System32\KERNELBASE.dll
0x00007ffef85e0000 - 0x00007ffef86f1000 	C:\Windows\System32\ucrtbase.dll
0x00007ffeebd10000 - 0x00007ffeebd27000 	c:\Users\sendi\.vscode\extensions\redhat.java-1.31.0-win32-x64\jre\17.0.11-win32-x86_64\bin\jli.dll
0x00007ffefab80000 - 0x00007ffefad2e000 	C:\Windows\System32\USER32.dll
0x00007ffef8460000 - 0x00007ffef8486000 	C:\Windows\System32\win32u.dll
0x00007ffefa7e0000 - 0x00007ffefa809000 	C:\Windows\System32\GDI32.dll
0x00007ffef8340000 - 0x00007ffef8459000 	C:\Windows\System32\gdi32full.dll
0x00007ffef84c0000 - 0x00007ffef855a000 	C:\Windows\System32\msvcp_win.dll
0x00007ffeeba60000 - 0x00007ffeeba7b000 	c:\Users\sendi\.vscode\extensions\redhat.java-1.31.0-win32-x64\jre\17.0.11-win32-x86_64\bin\VCRUNTIME140.dll
0x00007ffedae40000 - 0x00007ffedb0d3000 	C:\Windows\WinSxS\amd64_microsoft.windows.common-controls_6595b64144ccf1df_6.0.22621.3672_none_2713b9d173822955\COMCTL32.dll
0x00007ffefaad0000 - 0x00007ffefab77000 	C:\Windows\System32\msvcrt.dll
0x00007ffef9350000 - 0x00007ffef9381000 	C:\Windows\System32\IMM32.DLL
0x00007ffef2ef0000 - 0x00007ffef2efc000 	c:\Users\sendi\.vscode\extensions\redhat.java-1.31.0-win32-x64\jre\17.0.11-win32-x86_64\bin\vcruntime140_1.dll
0x00007ffed8ba0000 - 0x00007ffed8c2d000 	c:\Users\sendi\.vscode\extensions\redhat.java-1.31.0-win32-x64\jre\17.0.11-win32-x86_64\bin\msvcp140.dll
0x00007ffe9d330000 - 0x00007ffe9df92000 	c:\Users\sendi\.vscode\extensions\redhat.java-1.31.0-win32-x64\jre\17.0.11-win32-x86_64\bin\server\jvm.dll
0x00007ffef9180000 - 0x00007ffef9232000 	C:\Windows\System32\ADVAPI32.dll
0x00007ffef9240000 - 0x00007ffef92e8000 	C:\Windows\System32\sechost.dll
0x00007ffef8490000 - 0x00007ffef84b8000 	C:\Windows\System32\bcrypt.dll
0x00007ffef9060000 - 0x00007ffef9175000 	C:\Windows\System32\RPCRT4.dll
0x00007ffef7910000 - 0x00007ffef795d000 	C:\Windows\SYSTEM32\POWRPROF.dll
0x00007ffe943b0000 - 0x00007ffe943b9000 	C:\Windows\SYSTEM32\WSOCK32.dll
0x00007ffef9420000 - 0x00007ffef9491000 	C:\Windows\System32\WS2_32.dll
0x00007ffeef070000 - 0x00007ffeef0a4000 	C:\Windows\SYSTEM32\WINMM.dll
0x00007ffeef060000 - 0x00007ffeef06a000 	C:\Windows\SYSTEM32\VERSION.dll
0x00007ffef78f0000 - 0x00007ffef7903000 	C:\Windows\SYSTEM32\UMPDC.dll
0x00007ffef70d0000 - 0x00007ffef70e8000 	C:\Windows\SYSTEM32\kernel.appcore.dll
0x00007ffef2eb0000 - 0x00007ffef2eba000 	c:\Users\sendi\.vscode\extensions\redhat.java-1.31.0-win32-x64\jre\17.0.11-win32-x86_64\bin\jimage.dll
0x00007ffef58f0000 - 0x00007ffef5b22000 	C:\Windows\SYSTEM32\DBGHELP.DLL
0x00007ffef9ed0000 - 0x00007ffefa258000 	C:\Windows\System32\combase.dll
0x00007ffef94a0000 - 0x00007ffef9577000 	C:\Windows\System32\OLEAUT32.dll
0x00007ffedcde0000 - 0x00007ffedce12000 	C:\Windows\SYSTEM32\dbgcore.DLL
0x00007ffef8560000 - 0x00007ffef85db000 	C:\Windows\System32\bcryptPrimitives.dll
0x00007ffed8aa0000 - 0x00007ffed8ac5000 	c:\Users\sendi\.vscode\extensions\redhat.java-1.31.0-win32-x64\jre\17.0.11-win32-x86_64\bin\java.dll
0x00007ffee0330000 - 0x00007ffee0348000 	c:\Users\sendi\.vscode\extensions\redhat.java-1.31.0-win32-x64\jre\17.0.11-win32-x86_64\bin\zip.dll
0x00007ffef9580000 - 0x00007ffef9ddc000 	C:\Windows\System32\SHELL32.dll
0x00007ffef5fb0000 - 0x00007ffef68a7000 	C:\Windows\SYSTEM32\windows.storage.dll
0x00007ffef5e70000 - 0x00007ffef5faf000 	C:\Windows\SYSTEM32\wintypes.dll
0x00007ffefa820000 - 0x00007ffefa914000 	C:\Windows\System32\SHCORE.dll
0x00007ffef8b10000 - 0x00007ffef8b6e000 	C:\Windows\System32\shlwapi.dll
0x00007ffef7fd0000 - 0x00007ffef7ff1000 	C:\Windows\SYSTEM32\profapi.dll
0x00007ffee3120000 - 0x00007ffee3139000 	C:\Users\sendi\.vscode\extensions\redhat.java-1.31.0-win32-x64\jre\17.0.11-win32-x86_64\bin\net.dll
0x00007ffeefe40000 - 0x00007ffeeff76000 	C:\Windows\SYSTEM32\WINHTTP.dll
0x00007ffef75b0000 - 0x00007ffef7619000 	C:\Windows\system32\mswsock.dll
0x00007ffedb450000 - 0x00007ffedb466000 	C:\Users\sendi\.vscode\extensions\redhat.java-1.31.0-win32-x64\jre\17.0.11-win32-x86_64\bin\nio.dll
0x00007ffeeb910000 - 0x00007ffeeb920000 	c:\Users\sendi\.vscode\extensions\redhat.java-1.31.0-win32-x64\jre\17.0.11-win32-x86_64\bin\verify.dll
0x00007ffef7810000 - 0x00007ffef782b000 	C:\Windows\SYSTEM32\CRYPTSP.dll
0x00007ffef7030000 - 0x00007ffef7065000 	C:\Windows\system32\rsaenh.dll
0x00007ffef76b0000 - 0x00007ffef76d8000 	C:\Windows\SYSTEM32\USERENV.dll
0x00007ffef7830000 - 0x00007ffef783c000 	C:\Windows\SYSTEM32\CRYPTBASE.dll
0x00007ffef6b10000 - 0x00007ffef6b3d000 	C:\Windows\SYSTEM32\IPHLPAPI.DLL
0x00007ffef9de0000 - 0x00007ffef9de9000 	C:\Windows\System32\NSI.dll
0x00007ffeefe20000 - 0x00007ffeefe39000 	C:\Windows\SYSTEM32\dhcpcsvc6.DLL
0x00007ffeefe00000 - 0x00007ffeefe1f000 	C:\Windows\SYSTEM32\dhcpcsvc.DLL
0x00007ffef6b40000 - 0x00007ffef6c38000 	C:\Windows\SYSTEM32\DNSAPI.dll

dbghelp: loaded successfully - version: 4.0.5 - missing functions: none
symbol engine: initialized successfully - sym options: 0x614 - pdb path: .;c:\Users\sendi\.vscode\extensions\redhat.java-1.31.0-win32-x64\jre\17.0.11-win32-x86_64\bin;C:\Windows\SYSTEM32;C:\Windows\WinSxS\amd64_microsoft.windows.common-controls_6595b64144ccf1df_6.0.22621.3672_none_2713b9d173822955;c:\Users\sendi\.vscode\extensions\redhat.java-1.31.0-win32-x64\jre\17.0.11-win32-x86_64\bin\server

VM Arguments:
jvm_args: -Xmx1024m -Dsts.lsp.client=vscode -Dsts.log.file=/dev/null -XX:TieredStopAtLevel=1 -Xlog:jni+resolve=off -Dspring.config.location=file:c:\Users\sendi\.vscode\extensions\vmware.vscode-spring-boot-1.55.0\language-server\BOOT-INF\classes\application.properties 
java_command: org.springframework.ide.vscode.boot.app.BootLanguageServerBootApp
java_class_path (initial): c:\Users\sendi\.vscode\extensions\vmware.vscode-spring-boot-1.55.0\language-server\BOOT-INF\classes;c:\Users\sendi\.vscode\extensions\vmware.vscode-spring-boot-1.55.0\language-server\BOOT-INF\lib\annotations-24.1.0.jar;c:\Users\sendi\.vscode\extensions\vmware.vscode-spring-boot-1.55.0\language-server\BOOT-INF\lib\antlr4-runtime-4.13.1.jar;c:\Users\sendi\.vscode\extensions\vmware.vscode-spring-boot-1.55.0\language-server\BOOT-INF\lib\asm-9.7.jar;c:\Users\sendi\.vscode\extensions\vmware.vscode-spring-boot-1.55.0\language-server\BOOT-INF\lib\asm-analysis-9.7.jar;c:\Users\sendi\.vscode\extensions\vmware.vscode-spring-boot-1.55.0\language-server\BOOT-INF\lib\asm-tree-9.7.jar;c:\Users\sendi\.vscode\extensions\vmware.vscode-spring-boot-1.55.0\language-server\BOOT-INF\lib\asm-util-9.7.jar;c:\Users\sendi\.vscode\extensions\vmware.vscode-spring-boot-1.55.0\language-server\BOOT-INF\lib\caffeine-3.1.8.jar;c:\Users\sendi\.vscode\extensions\vmware.vscode-spring-boot-1.55.0\language-server\BOOT-INF\lib\checker-qual-3.12.0.jar;c:\Users\sendi\.vscode\extensions\vmware.vscode-spring-boot-1.55.0\language-server\BOOT-INF\lib\classgraph-4.8.149.jar;c:\Users\sendi\.vscode\extensions\vmware.vscode-spring-boot-1.55.0\language-server\BOOT-INF\lib\commons-codec-1.16.1.jar;c:\Users\sendi\.vscode\extensions\vmware.vscode-spring-boot-1.55.0\language-server\BOOT-INF\lib\commons-compress-1.26.1.jar;c:\Users\sendi\.vscode\extensions\vmware.vscode-spring-boot-1.55.0\language-server\BOOT-INF\lib\commons-io-2.16.1.jar;c:\Users\sendi\.vscode\extensions\vmware.vscode-spring-boot-1.55.0\language-server\BOOT-INF\lib\commons-java-1.55.0-SNAPSHOT.jar;c:\Users\sendi\.vscode\extensions\vmware.vscode-spring-boot-1.55.0\language-server\BOOT-INF\lib\commons-lang3-3.14.0.jar;c:\Users\sendi\.vscode\extensions\vmware.vscode-spring-boot-1.55.0\language-server\BOOT-INF\lib\commons-language-server-1.55.0-SNAPSHOT.jar;c:\Users\sendi\.vscode\extensions\vmware.vscode-spring-boot-1.55.0\langu
Launcher Type: SUN_STANDARD

[Global flags]
     intx CICompilerCount                          = 3                                         {product} {ergonomic}
     uint ConcGCThreads                            = 2                                         {product} {ergonomic}
     uint G1ConcRefinementThreads                  = 6                                         {product} {ergonomic}
   size_t G1HeapRegionSize                         = 1048576                                   {product} {ergonomic}
    uintx GCDrainStackTargetSize                   = 64                                        {product} {ergonomic}
   size_t InitialHeapSize                          = 125829120                                 {product} {ergonomic}
   size_t MarkStackSize                            = 4194304                                   {product} {ergonomic}
   size_t MaxHeapSize                              = 1073741824                                {product} {command line}
   size_t MaxNewSize                               = 643825664                                 {product} {ergonomic}
   size_t MinHeapDeltaBytes                        = 1048576                                   {product} {ergonomic}
   size_t MinHeapSize                              = 8388608                                   {product} {ergonomic}
    uintx NonProfiledCodeHeapSize                  = 0                                      {pd product} {ergonomic}
     bool ProfileInterpreter                       = false                                  {pd product} {command line}
    uintx ProfiledCodeHeapSize                     = 0                                      {pd product} {ergonomic}
   size_t SoftMaxHeapSize                          = 1073741824                             {manageable} {ergonomic}
     intx TieredStopAtLevel                        = 1                                         {product} {command line}
     bool UseCompressedClassPointers               = true                           {product lp64_product} {ergonomic}
     bool UseCompressedOops                        = true                           {product lp64_product} {ergonomic}
     bool UseG1GC                                  = true                                      {product} {ergonomic}
     bool UseLargePagesIndividualAllocation        = false                                  {pd product} {ergonomic}

Logging:
Log output configuration:
 #0: stdout all=warning,jni+resolve=off uptime,level,tags
 #1: stderr all=off uptime,level,tags

Environment Variables:
PATH=C:\Program Files\Common Files\Oracle\Java\javapath;C:\Program Files\Java\jdk-17\bin;C:\Windows\system32;C:\Windows;C:\Windows\System32\Wbem;C:\Windows\System32\WindowsPowerShell\v1.0\;C:\Windows\System32\OpenSSH\;C:\Program Files\Git\cmd;C:\Program Files\Microsoft VS Code\bin;C:\MinGW\bin;C:\Program Files (x86)\Vim\vim90;C:\Program Files\CMake\bin;C:\Program Files\Docker\Docker\resources\bin;C:\Users\sendi\AppData\Local\Programs\Python\Python311\Scripts\;C:\Users\sendi\AppData\Local\Programs\Python\Python311\;C:\Users\sendi\AppData\Local\Microsoft\WindowsApps;C:\Users\sendi\AppData\Local\Programs\oh-my-posh\bin;C:\Program Files\CMake\bin;
USERNAME=sendi
OS=Windows_NT
PROCESSOR_IDENTIFIER=AMD64 Family 23 Model 96 Stepping 1, AuthenticAMD
TMP=C:\Users\sendi\AppData\Local\Temp
TEMP=C:\Users\sendi\AppData\Local\Temp



Periodic native trim disabled


---------------  S Y S T E M  ---------------

OS:
 Windows 11 , 64 bit Build 22621 (10.0.22621.3672)
OS uptime: 0 days 16:06 hours
Hyper-V role detected

CPU: total 6 (initial active 6) (6 cores per cpu, 1 threads per core) family 23 model 96 stepping 1 microcode 0x0, cx8, cmov, fxsr, mmx, 3dnowpref, sse, sse2, sse3, ssse3, sse4a, sse4.1, sse4.2, popcnt, lzcnt, tsc, tscinvbit, avx, avx2, aes, clmul, bmi1, bmi2, adx, sha, fma, vzeroupper, clflush, clflushopt, hv
Processor Information for all 6 processors :
  Max Mhz: 2375, Current Mhz: 2375, Mhz Limit: 2375

Memory: 4k page, system-wide physical 7564M (481M free)
TotalPageFile size 22839M (AvailPageFile size 297M)
current process WorkingSet (physical memory assigned to process): 152M, peak: 152M
current process commit charge ("private bytes"): 193M, peak: 221M

vm_info: OpenJDK 64-Bit Server VM (17.0.11+9) for windows-amd64 JRE (17.0.11+9), built on Apr 17 2024 06:07:48 by "admin" with MS VC++ 16.10 / 16.11 (VS2019)

END.
